2023-05-01 22:55:26.496 [info] Extension host with pid 118459 started
2023-05-01 22:55:26.496 [info] Skipping acquiring lock for /home/sagar/.config/Code/User/workspaceStorage/00c6113b79e5231c83772437cab990a7.
2023-05-01 22:55:28.693 [info] ExtensionService#_doActivateExtension vscode.git-base, startup: true, activationEvent: '*'
2023-05-01 22:55:28.765 [info] ExtensionService#_doActivateExtension vscode.github-authentication, startup: false, activationEvent: 'onAuthenticationRequest:github'
2023-05-01 22:55:29.602 [info] ExtensionService#_doActivateExtension vscode.github, startup: true, activationEvent: '*'
2023-05-01 22:55:29.741 [info] Eager extensions activated
2023-05-01 22:55:29.767 [info] ExtensionService#_doActivateExtension vscode.debug-auto-launch, startup: false, activationEvent: 'onStartupFinished'
2023-05-01 22:55:29.782 [info] ExtensionService#_doActivateExtension vscode.merge-conflict, startup: false, activationEvent: 'onStartupFinished'
2023-05-01 22:55:30.244 [info] ExtensionService#_doActivateExtension vscode.microsoft-authentication, startup: false, activationEvent: 'onAuthenticationRequest:microsoft'
2023-05-01 22:55:32.861 [info] ExtensionService#_doActivateExtension vscode.git, startup: false, activationEvent: 'api', root cause: vscode.github
2023-05-01 23:58:51.458 [info] ExtensionService#_doActivateExtension vscode.html-language-features, startup: false, activationEvent: 'onLanguage:html'
2023-05-01 23:58:52.552 [info] ExtensionService#_doActivateExtension vscode.emmet, startup: false, activationEvent: 'onLanguage'
2023-05-01 23:59:58.854 [warning] [Decorations] CAPPING events from decorations provider vscode.git 5315
2023-05-02 00:00:00.914 [warning] [Decorations] CAPPING events from decorations provider vscode.git 5315
2023-05-02 00:00:06.048 [warning] [Decorations] CAPPING events from decorations provider vscode.git 5315
2023-05-02 00:00:15.835 [warning] [Decorations] CAPPING events from decorations provider vscode.git 5315
2023-05-02 00:00:36.721 [warning] [Decorations] CAPPING events from decorations provider vscode.git 5315
2023-05-02 00:05:02.573 [warning] [Decorations] CAPPING events from decorations provider vscode.git 5520
2023-05-02 00:05:09.005 [warning] [Decorations] CAPPING events from decorations provider vscode.git 5520
2023-05-02 00:05:14.207 [warning] [Decorations] CAPPING events from decorations provider vscode.git 5522
2023-05-02 00:05:19.384 [warning] [Decorations] CAPPING events from decorations provider vscode.git 5540
2023-05-02 00:05:24.549 [warning] [Decorations] CAPPING events from decorations provider vscode.git 5541
2023-05-02 00:05:32.324 [warning] [Decorations] CAPPING events from decorations provider vscode.git 5541
2023-05-02 00:05:41.006 [warning] [Decorations] CAPPING events from decorations provider vscode.git 5540
2023-05-02 00:06:17.466 [warning] [Decorations] CAPPING events from decorations provider vscode.git 5541
2023-05-02 00:06:22.597 [warning] [Decorations] CAPPING events from decorations provider vscode.git 5541
2023-05-02 00:06:27.750 [warning] [Decorations] CAPPING events from decorations provider vscode.git 5542
2023-05-02 00:06:32.917 [warning] [Decorations] CAPPING events from decorations provider vscode.git 5542
2023-05-02 00:06:53.077 [warning] [Decorations] CAPPING events from decorations provider vscode.git 5541
2023-05-02 00:07:17.585 [warning] [Decorations] CAPPING events from decorations provider vscode.git 5542
2023-05-02 00:07:22.781 [warning] [Decorations] CAPPING events from decorations provider vscode.git 5542
2023-05-02 00:07:32.620 [warning] [Decorations] CAPPING events from decorations provider vscode.git 5542
2023-05-02 00:07:52.965 [warning] [Decorations] CAPPING events from decorations provider vscode.git 5542
2023-05-02 00:08:17.668 [warning] [Decorations] CAPPING events from decorations provider vscode.git 5543
2023-05-02 00:08:22.794 [warning] [Decorations] CAPPING events from decorations provider vscode.git 5543
2023-05-02 00:08:33.002 [warning] [Decorations] CAPPING events from decorations provider vscode.git 5543
2023-05-02 00:08:38.184 [warning] [Decorations] CAPPING events from decorations provider vscode.git 5542
2023-05-02 00:08:43.414 [warning] [Decorations] CAPPING events from decorations provider vscode.git 5545
2023-05-02 00:08:48.559 [warning] [Decorations] CAPPING events from decorations provider vscode.git 5545
2023-05-02 00:08:54.574 [warning] [Decorations] CAPPING events from decorations provider vscode.git 5546
2023-05-02 00:09:08.173 [warning] [Decorations] CAPPING events from decorations provider vscode.git 5542
2023-05-02 00:09:13.335 [warning] [Decorations] CAPPING events from decorations provider vscode.git 5542
2023-05-02 00:09:18.550 [warning] [Decorations] CAPPING events from decorations provider vscode.git 5543
2023-05-02 00:09:23.683 [warning] [Decorations] CAPPING events from decorations provider vscode.git 5543
2023-05-02 00:09:37.874 [warning] [Decorations] CAPPING events from decorations provider vscode.git 5543
2023-05-02 00:09:43.044 [warning] [Decorations] CAPPING events from decorations provider vscode.git 5542
2023-05-02 00:09:51.783 [warning] [Decorations] CAPPING events from decorations provider vscode.git 5542
2023-05-02 00:09:57.703 [warning] [Decorations] CAPPING events from decorations provider vscode.git 5542
2023-05-02 00:10:12.769 [info] ExtensionService#_doActivateExtension vscode.npm, startup: false, activationEvent: 'onTerminalQuickFixRequest:ms-vscode.npm-command'
2023-05-02 00:10:14.192 [warning] [Decorations] CAPPING events from decorations provider vscode.git 5542
2023-05-02 00:10:19.369 [warning] [Decorations] CAPPING events from decorations provider vscode.git 5543
2023-05-02 00:10:24.569 [warning] [Decorations] CAPPING events from decorations provider vscode.git 5544
2023-05-02 00:10:33.067 [warning] [Decorations] CAPPING events from decorations provider vscode.git 5544
2023-05-02 00:10:54.843 [warning] [Decorations] CAPPING events from decorations provider vscode.git 5544
2023-05-02 00:11:05.383 [warning] [Decorations] CAPPING events from decorations provider vscode.git 5544
2023-05-02 00:13:45.645 [warning] [Decorations] CAPPING events from decorations provider vscode.git 5564
2023-05-02 00:13:50.835 [warning] [Decorations] CAPPING events from decorations provider vscode.git 5557
2023-05-02 00:13:56.060 [warning] [Decorations] CAPPING events from decorations provider vscode.git 5557
2023-05-02 00:14:02.257 [warning] [Decorations] CAPPING events from decorations provider vscode.git 5556
2023-05-02 00:14:08.205 [warning] [Decorations] CAPPING events from decorations provider vscode.git 5556
2023-05-02 00:14:19.447 [warning] [Decorations] CAPPING events from decorations provider vscode.git 5557
2023-05-02 00:14:24.581 [warning] [Decorations] CAPPING events from decorations provider vscode.git 5557
2023-05-02 00:14:34.496 [warning] [Decorations] CAPPING events from decorations provider vscode.git 5557
2023-05-02 00:15:19.562 [warning] [Decorations] CAPPING events from decorations provider vscode.git 5557
2023-05-02 00:15:24.691 [warning] [Decorations] CAPPING events from decorations provider vscode.git 5557
2023-05-02 00:15:34.592 [warning] [Decorations] CAPPING events from decorations provider vscode.git 5557
2023-05-02 00:15:41.023 [warning] [Decorations] CAPPING events from decorations provider vscode.git 5556
2023-05-02 00:16:16.277 [warning] [Decorations] CAPPING events from decorations provider vscode.git 5556
2023-05-02 00:16:21.443 [warning] [Decorations] CAPPING events from decorations provider vscode.git 5557
2023-05-02 00:16:26.604 [warning] [Decorations] CAPPING events from decorations provider vscode.git 5557
2023-05-02 00:16:34.698 [warning] [Decorations] CAPPING events from decorations provider vscode.git 5557
2023-05-02 00:17:19.758 [warning] [Decorations] CAPPING events from decorations provider vscode.git 5557
2023-05-02 00:17:24.888 [warning] [Decorations] CAPPING events from decorations provider vscode.git 5557
2023-05-02 00:17:31.496 [warning] [Decorations] CAPPING events from decorations provider vscode.git 5559
2023-05-02 00:17:36.653 [warning] [Decorations] CAPPING events from decorations provider vscode.git 5559
2023-05-02 00:17:42.971 [warning] [Decorations] CAPPING events from decorations provider vscode.git 5558
2023-05-02 00:18:19.824 [warning] [Decorations] CAPPING events from decorations provider vscode.git 5557
2023-05-02 00:18:24.987 [warning] [Decorations] CAPPING events from decorations provider vscode.git 5557
2023-05-02 00:18:33.478 [warning] [Decorations] CAPPING events from decorations provider vscode.git 5557
2023-05-02 00:18:38.660 [warning] [Decorations] CAPPING events from decorations provider vscode.git 5557
2023-05-02 00:18:43.815 [warning] [Decorations] CAPPING events from decorations provider vscode.git 5559
2023-05-02 00:18:48.986 [warning] [Decorations] CAPPING events from decorations provider vscode.git 5559
2023-05-02 00:18:54.148 [warning] [Decorations] CAPPING events from decorations provider vscode.git 5558
2023-05-02 00:19:07.174 [warning] [Decorations] CAPPING events from decorations provider vscode.git 5556
2023-05-02 00:19:12.301 [warning] [Decorations] CAPPING events from decorations provider vscode.git 5556
2023-05-02 00:19:19.956 [warning] [Decorations] CAPPING events from decorations provider vscode.git 5557
2023-05-02 00:19:25.133 [warning] [Decorations] CAPPING events from decorations provider vscode.git 5557
2023-05-02 00:19:33.353 [warning] [Decorations] CAPPING events from decorations provider vscode.git 5562
2023-05-02 00:19:38.503 [warning] [Decorations] CAPPING events from decorations provider vscode.git 5562
2023-05-02 00:19:43.655 [warning] [Decorations] CAPPING events from decorations provider vscode.git 5560
2023-05-02 00:19:48.798 [warning] [Decorations] CAPPING events from decorations provider vscode.git 5557
2023-05-02 00:20:20.072 [warning] [Decorations] CAPPING events from decorations provider vscode.git 5558
2023-05-02 00:20:25.203 [warning] [Decorations] CAPPING events from decorations provider vscode.git 5558
2023-05-02 00:20:35.093 [warning] [Decorations] CAPPING events from decorations provider vscode.git 5558
2023-05-02 00:21:20.106 [warning] [Decorations] CAPPING events from decorations provider vscode.git 5558
2023-05-02 00:21:25.232 [warning] [Decorations] CAPPING events from decorations provider vscode.git 5558
2023-05-02 00:21:31.425 [warning] [Decorations] CAPPING events from decorations provider vscode.git 5558
2023-05-02 00:21:36.578 [warning] [Decorations] CAPPING events from decorations provider vscode.git 5558
2023-05-02 00:21:41.713 [warning] [Decorations] CAPPING events from decorations provider vscode.git 5558
2023-05-02 00:22:20.182 [warning] [Decorations] CAPPING events from decorations provider vscode.git 5558
2023-05-02 00:22:25.328 [warning] [Decorations] CAPPING events from decorations provider vscode.git 5558
2023-05-02 00:22:35.275 [warning] [Decorations] CAPPING events from decorations provider vscode.git 5558
2023-05-02 00:23:20.245 [warning] [Decorations] CAPPING events from decorations provider vscode.git 5558
2023-05-02 00:23:25.372 [warning] [Decorations] CAPPING events from decorations provider vscode.git 5558
2023-05-02 00:23:33.756 [warning] [Decorations] CAPPING events from decorations provider vscode.git 5558
2023-05-02 00:23:38.923 [warning] [Decorations] CAPPING events from decorations provider vscode.git 5558
2023-05-02 00:23:44.082 [warning] [Decorations] CAPPING events from decorations provider vscode.git 5559
2023-05-02 00:23:52.609 [warning] [Decorations] CAPPING events from decorations provider vscode.git 5559
2023-05-02 00:24:08.284 [warning] [Decorations] CAPPING events from decorations provider vscode.git 5557
2023-05-02 00:24:20.378 [warning] [Decorations] CAPPING events from decorations provider vscode.git 5558
2023-05-02 00:24:25.512 [warning] [Decorations] CAPPING events from decorations provider vscode.git 5558
2023-05-02 00:24:35.430 [warning] [Decorations] CAPPING events from decorations provider vscode.git 5558
2023-05-02 00:25:20.470 [warning] [Decorations] CAPPING events from decorations provider vscode.git 5558
2023-05-02 00:25:25.611 [warning] [Decorations] CAPPING events from decorations provider vscode.git 5558
2023-05-02 00:25:35.682 [warning] [Decorations] CAPPING events from decorations provider vscode.git 5558
2023-05-02 00:26:20.497 [warning] [Decorations] CAPPING events from decorations provider vscode.git 5558
2023-05-02 00:26:25.637 [warning] [Decorations] CAPPING events from decorations provider vscode.git 5558
2023-05-02 00:26:35.663 [warning] [Decorations] CAPPING events from decorations provider vscode.git 5558
2023-05-02 00:27:20.581 [warning] [Decorations] CAPPING events from decorations provider vscode.git 5558
2023-05-02 00:27:25.708 [warning] [Decorations] CAPPING events from decorations provider vscode.git 5558
2023-05-02 00:27:35.718 [warning] [Decorations] CAPPING events from decorations provider vscode.git 5558
2023-05-02 00:28:20.644 [warning] [Decorations] CAPPING events from decorations provider vscode.git 5558
2023-05-02 00:28:25.769 [warning] [Decorations] CAPPING events from decorations provider vscode.git 5558
2023-05-02 00:28:34.048 [warning] [Decorations] CAPPING events from decorations provider vscode.git 5558
2023-05-02 00:28:39.199 [warning] [Decorations] CAPPING events from decorations provider vscode.git 5558
2023-05-02 00:28:44.356 [warning] [Decorations] CAPPING events from decorations provider vscode.git 5559
2023-05-02 00:28:52.593 [warning] [Decorations] CAPPING events from decorations provider vscode.git 5559
2023-05-02 00:29:00.704 [warning] [Decorations] CAPPING events from decorations provider vscode.git 5557
2023-05-02 00:29:08.319 [warning] [Decorations] CAPPING events from decorations provider vscode.git 5557
2023-05-02 00:29:20.753 [warning] [Decorations] CAPPING events from decorations provider vscode.git 5558
2023-05-02 00:29:25.893 [warning] [Decorations] CAPPING events from decorations provider vscode.git 5558
2023-05-02 00:29:35.810 [warning] [Decorations] CAPPING events from decorations provider vscode.git 5558
2023-05-02 00:29:53.920 [warning] [Decorations] CAPPING events from decorations provider vscode.git 5595
2023-05-02 00:29:59.068 [warning] [Decorations] CAPPING events from decorations provider vscode.git 5595
2023-05-02 00:30:20.859 [warning] [Decorations] CAPPING events from decorations provider vscode.git 5558
2023-05-02 00:30:25.992 [warning] [Decorations] CAPPING events from decorations provider vscode.git 5558
2023-05-02 00:30:35.895 [warning] [Decorations] CAPPING events from decorations provider vscode.git 5558
2023-05-02 00:31:21.221 [warning] [Decorations] CAPPING events from decorations provider vscode.git 5561
2023-05-02 00:31:26.384 [warning] [Decorations] CAPPING events from decorations provider vscode.git 5561
2023-05-02 00:31:32.667 [warning] [Decorations] CAPPING events from decorations provider vscode.git 5560
2023-05-02 00:31:37.817 [warning] [Decorations] CAPPING events from decorations provider vscode.git 5558
2023-05-02 00:32:21.010 [warning] [Decorations] CAPPING events from decorations provider vscode.git 5558
2023-05-02 00:32:26.156 [warning] [Decorations] CAPPING events from decorations provider vscode.git 5558
2023-05-02 00:32:36.077 [warning] [Decorations] CAPPING events from decorations provider vscode.git 5558
2023-05-02 00:33:21.072 [warning] [Decorations] CAPPING events from decorations provider vscode.git 5558
2023-05-02 00:33:26.193 [warning] [Decorations] CAPPING events from decorations provider vscode.git 5558
2023-05-02 00:33:34.341 [warning] [Decorations] CAPPING events from decorations provider vscode.git 5558
2023-05-02 00:33:39.525 [warning] [Decorations] CAPPING events from decorations provider vscode.git 5560
2023-05-02 00:33:44.662 [warning] [Decorations] CAPPING events from decorations provider vscode.git 5559
2023-05-02 00:33:49.787 [warning] [Decorations] CAPPING events from decorations provider vscode.git 5559
2023-05-02 00:33:54.951 [warning] [Decorations] CAPPING events from decorations provider vscode.git 5559
2023-05-02 00:34:08.445 [warning] [Decorations] CAPPING events from decorations provider vscode.git 5557
2023-05-02 00:34:21.167 [warning] [Decorations] CAPPING events from decorations provider vscode.git 5558
2023-05-02 00:34:26.289 [warning] [Decorations] CAPPING events from decorations provider vscode.git 5558
2023-05-02 00:34:36.262 [warning] [Decorations] CAPPING events from decorations provider vscode.git 5558
2023-05-02 00:35:21.250 [warning] [Decorations] CAPPING events from decorations provider vscode.git 5558
2023-05-02 00:35:26.378 [warning] [Decorations] CAPPING events from decorations provider vscode.git 5558
2023-05-02 00:35:36.357 [warning] [Decorations] CAPPING events from decorations provider vscode.git 5558
2023-05-02 00:36:21.343 [warning] [Decorations] CAPPING events from decorations provider vscode.git 5558
2023-05-02 00:36:26.506 [warning] [Decorations] CAPPING events from decorations provider vscode.git 5558
2023-05-02 00:36:36.476 [warning] [Decorations] CAPPING events from decorations provider vscode.git 5558
2023-05-02 00:37:21.424 [warning] [Decorations] CAPPING events from decorations provider vscode.git 5558
2023-05-02 00:37:26.549 [warning] [Decorations] CAPPING events from decorations provider vscode.git 5558
2023-05-02 00:37:36.496 [warning] [Decorations] CAPPING events from decorations provider vscode.git 5558
2023-05-02 00:38:21.507 [warning] [Decorations] CAPPING events from decorations provider vscode.git 5558
2023-05-02 00:38:26.643 [warning] [Decorations] CAPPING events from decorations provider vscode.git 5558
2023-05-02 00:38:34.608 [warning] [Decorations] CAPPING events from decorations provider vscode.git 5558
2023-05-02 00:38:39.756 [warning] [Decorations] CAPPING events from decorations provider vscode.git 5560
2023-05-02 00:38:44.893 [warning] [Decorations] CAPPING events from decorations provider vscode.git 5559
2023-05-02 00:38:52.552 [warning] [Decorations] CAPPING events from decorations provider vscode.git 5559
2023-05-02 00:39:08.475 [warning] [Decorations] CAPPING events from decorations provider vscode.git 5557
2023-05-02 00:39:21.586 [warning] [Decorations] CAPPING events from decorations provider vscode.git 5558
2023-05-02 00:39:26.738 [warning] [Decorations] CAPPING events from decorations provider vscode.git 5558
2023-05-02 00:39:36.658 [warning] [Decorations] CAPPING events from decorations provider vscode.git 5558
2023-05-02 00:40:21.711 [warning] [Decorations] CAPPING events from decorations provider vscode.git 5558
2023-05-02 00:40:26.852 [warning] [Decorations] CAPPING events from decorations provider vscode.git 5558
2023-05-02 00:40:37.240 [warning] [Decorations] CAPPING events from decorations provider vscode.git 5558
2023-05-02 00:41:08.659 [warning] [Decorations] CAPPING events from decorations provider vscode.git 5560
2023-05-02 00:41:15.855 [warning] [Decorations] CAPPING events from decorations provider vscode.git 5560
2023-05-02 00:41:21.009 [warning] [Decorations] CAPPING events from decorations provider vscode.git 5560
2023-05-02 00:41:26.132 [warning] [Decorations] CAPPING events from decorations provider vscode.git 5558
2023-05-02 00:41:31.258 [warning] [Decorations] CAPPING events from decorations provider vscode.git 5558
2023-05-02 00:41:36.990 [warning] [Decorations] CAPPING events from decorations provider vscode.git 5558
2023-05-02 00:41:48.221 [warning] [Decorations] CAPPING events from decorations provider vscode.git 5561
2023-05-02 00:41:53.486 [warning] [Decorations] CAPPING events from decorations provider vscode.git 5561
2023-05-02 00:42:31.146 [warning] [Decorations] CAPPING events from decorations provider vscode.git 5618
2023-05-02 00:42:36.322 [warning] [Decorations] CAPPING events from decorations provider vscode.git 5618
2023-05-02 00:42:41.492 [warning] [Decorations] CAPPING events from decorations provider vscode.git 5617
2023-05-02 00:42:46.625 [warning] [Decorations] CAPPING events from decorations provider vscode.git 5617
2023-05-02 00:43:08.306 [warning] [Decorations] CAPPING events from decorations provider vscode.git 5617
2023-05-02 00:43:13.462 [warning] [Decorations] CAPPING events from decorations provider vscode.git 5618
2023-05-02 00:43:18.660 [warning] [Decorations] CAPPING events from decorations provider vscode.git 5618
2023-05-02 00:43:24.039 [warning] [Decorations] CAPPING events from decorations provider vscode.git 5619
2023-05-02 00:43:29.174 [warning] [Decorations] CAPPING events from decorations provider vscode.git 5620
2023-05-02 00:43:34.583 [warning] [Decorations] CAPPING events from decorations provider vscode.git 5619
2023-05-02 00:43:39.827 [warning] [Decorations] CAPPING events from decorations provider vscode.git 5621
2023-05-02 00:44:04.963 [warning] [Decorations] CAPPING events from decorations provider vscode.git 5651
2023-05-02 00:44:10.124 [warning] [Decorations] CAPPING events from decorations provider vscode.git 5649
2023-05-02 00:44:15.248 [warning] [Decorations] CAPPING events from decorations provider vscode.git 5649
2023-05-02 00:44:20.384 [warning] [Decorations] CAPPING events from decorations provider vscode.git 5649
2023-05-02 00:44:25.532 [warning] [Decorations] CAPPING events from decorations provider vscode.git 5650
2023-05-02 00:44:30.721 [warning] [Decorations] CAPPING events from decorations provider vscode.git 5650
2023-05-02 00:44:37.301 [warning] [Decorations] CAPPING events from decorations provider vscode.git 5650
2023-05-02 00:44:42.463 [warning] [Decorations] CAPPING events from decorations provider vscode.git 5649
2023-05-02 00:45:17.214 [warning] [Decorations] CAPPING events from decorations provider vscode.git 5649
2023-05-02 00:45:22.707 [warning] [Decorations] CAPPING events from decorations provider vscode.git 5650
2023-05-02 00:45:28.073 [warning] [Decorations] CAPPING events from decorations provider vscode.git 5650
2023-05-02 00:45:34.164 [warning] [Decorations] CAPPING events from decorations provider vscode.git 5650
2023-05-02 00:45:39.580 [warning] [Decorations] CAPPING events from decorations provider vscode.git 5650
2023-05-02 00:46:09.714 [warning] [Decorations] CAPPING events from decorations provider vscode.git 5669
2023-05-02 00:46:14.908 [warning] [Decorations] CAPPING events from decorations provider vscode.git 5670
2023-05-02 00:46:20.100 [warning] [Decorations] CAPPING events from decorations provider vscode.git 5670
2023-05-02 00:46:25.306 [warning] [Decorations] CAPPING events from decorations provider vscode.git 5671
2023-05-02 00:46:30.436 [warning] [Decorations] CAPPING events from decorations provider vscode.git 5671
2023-05-02 00:46:38.346 [warning] [Decorations] CAPPING events from decorations provider vscode.git 5671
