2023-05-01 22:55:34.169 [info] Log level: Info
2023-05-01 22:55:34.169 [info] Validating found git in: "git"
2023-05-01 22:55:34.169 [info] Using git "2.34.1" from "git"
2023-05-01 22:55:34.175 [info] > git rev-parse --show-toplevel [52ms]
2023-05-01 22:55:34.175 [info] fatal: not a git repository (or any of the parent directories): .git
2023-05-01 22:55:34.263 [info] > git rev-parse --show-toplevel [38ms]
2023-05-01 22:55:34.263 [info] fatal: not a git repository (or any of the parent directories): .git
2023-05-01 22:55:34.343 [info] > git rev-parse --show-toplevel [62ms]
2023-05-01 22:55:34.343 [info] fatal: not a git repository (or any of the parent directories): .git
2023-05-01 22:55:34.393 [info] > git rev-parse --show-toplevel [41ms]
2023-05-01 22:55:34.393 [info] fatal: not a git repository (or any of the parent directories): .git
2023-05-01 22:55:34.451 [info] > git rev-parse --show-toplevel [43ms]
2023-05-01 22:55:34.451 [info] fatal: not a git repository (or any of the parent directories): .git
2023-05-01 22:55:34.479 [info] > git rev-parse --show-toplevel [15ms]
2023-05-01 22:55:34.479 [info] fatal: not a git repository (or any of the parent directories): .git
2023-05-01 22:55:34.511 [info] > git rev-parse --show-toplevel [25ms]
2023-05-01 22:55:34.511 [info] fatal: not a git repository (or any of the parent directories): .git
2023-05-01 22:55:34.540 [info] > git rev-parse --show-toplevel [12ms]
2023-05-01 22:55:34.540 [info] fatal: not a git repository (or any of the parent directories): .git
2023-05-01 22:55:34.561 [info] > git rev-parse --show-toplevel [11ms]
2023-05-01 22:55:34.561 [info] fatal: not a git repository (or any of the parent directories): .git
2023-05-01 22:55:34.619 [info] > git rev-parse --show-toplevel [41ms]
2023-05-01 22:55:34.619 [info] fatal: not a git repository (or any of the parent directories): .git
2023-05-01 22:55:34.669 [info] > git rev-parse --show-toplevel [15ms]
2023-05-01 22:55:34.669 [info] fatal: not a git repository (or any of the parent directories): .git
2023-05-01 22:55:34.718 [info] > git rev-parse --show-toplevel [39ms]
2023-05-01 22:55:34.718 [info] fatal: not a git repository (or any of the parent directories): .git
2023-05-01 22:55:34.767 [info] > git rev-parse --show-toplevel [28ms]
2023-05-01 22:55:34.767 [info] fatal: not a git repository (or any of the parent directories): .git
2023-05-01 22:55:34.803 [info] > git rev-parse --show-toplevel [23ms]
2023-05-01 22:55:34.803 [info] fatal: not a git repository (or any of the parent directories): .git
2023-05-01 22:55:34.844 [info] > git rev-parse --show-toplevel [25ms]
2023-05-01 22:55:34.844 [info] fatal: not a git repository (or any of the parent directories): .git
2023-05-01 22:55:34.867 [info] > git rev-parse --show-toplevel [7ms]
2023-05-01 22:55:34.867 [info] fatal: not a git repository (or any of the parent directories): .git
2023-05-01 22:55:35.046 [info] > git rev-parse --show-toplevel [168ms]
2023-05-01 22:55:35.046 [info] fatal: not a git repository (or any of the parent directories): .git
2023-05-01 22:55:35.103 [info] > git rev-parse --show-toplevel [31ms]
2023-05-01 22:55:35.103 [info] fatal: not a git repository (or any of the parent directories): .git
2023-05-01 23:58:51.260 [info] > git rev-parse --show-toplevel [37ms]
2023-05-01 23:58:51.263 [info] fatal: not a git repository (or any of the parent directories): .git
2023-05-01 23:59:58.243 [info] > git rev-parse --show-toplevel [14ms]
2023-05-01 23:59:58.253 [info] > git rev-parse --git-dir --git-common-dir [4ms]
2023-05-01 23:59:58.333 [info] Open repository: /home/sagar
2023-05-01 23:59:58.456 [info] No remotes found in the git config file.
2023-05-01 23:59:58.458 [info] > git config --get commit.template [44ms]
2023-05-01 23:59:58.489 [info] > git for-each-ref --format=%(refname)%00%(upstream:short)%00%(objectname)%00%(upstream:track)%00%(upstream:remotename)%00%(upstream:remoteref) refs/heads/master refs/remotes/master [34ms]
2023-05-01 23:59:58.652 [info] > git status -z -uall [155ms]
2023-05-02 00:00:00.460 [info] > git config --get commit.template [76ms]
2023-05-02 00:00:00.477 [info] > git check-ignore -v -z --stdin [19ms]
2023-05-02 00:00:00.530 [info] No remotes found in the git config file.
2023-05-02 00:00:00.563 [info] > git for-each-ref --format=%(refname)%00%(upstream:short)%00%(objectname)%00%(upstream:track)%00%(upstream:remotename)%00%(upstream:remoteref) refs/heads/master refs/remotes/master [33ms]
2023-05-02 00:00:00.698 [info] > git status -z -uall [115ms]
2023-05-02 00:00:04.357 [info] > git show --textconv :SAGARGit/index.html [99ms]
2023-05-02 00:00:04.436 [info] > git ls-files --stage -- /home/sagar/SAGARGit/index.html [129ms]
2023-05-02 00:00:05.938 [info] No remotes found in the git config file.
2023-05-02 00:00:05.939 [info] > git config --get commit.template [11ms]
2023-05-02 00:00:05.942 [info] > git for-each-ref --format=%(refname)%00%(upstream:short)%00%(objectname)%00%(upstream:track)%00%(upstream:remotename)%00%(upstream:remoteref) refs/heads/master refs/remotes/master [4ms]
2023-05-02 00:00:05.977 [info] > git status -z -uall [28ms]
2023-05-02 00:00:15.599 [info] No remotes found in the git config file.
2023-05-02 00:00:15.601 [info] > git config --get commit.template [23ms]
2023-05-02 00:00:15.606 [info] > git for-each-ref --format=%(refname)%00%(upstream:short)%00%(objectname)%00%(upstream:track)%00%(upstream:remotename)%00%(upstream:remoteref) refs/heads/master refs/remotes/master [7ms]
2023-05-02 00:00:15.665 [info] > git status -z -uall [45ms]
2023-05-02 00:00:36.610 [info] No remotes found in the git config file.
2023-05-02 00:00:36.611 [info] > git config --get commit.template [9ms]
2023-05-02 00:00:36.614 [info] > git for-each-ref --format=%(refname)%00%(upstream:short)%00%(objectname)%00%(upstream:track)%00%(upstream:remotename)%00%(upstream:remoteref) refs/heads/master refs/remotes/master [4ms]
2023-05-02 00:00:36.649 [info] > git status -z -uall [30ms]
2023-05-02 00:05:01.750 [info] No remotes found in the git config file.
2023-05-02 00:05:01.752 [info] > git config --get commit.template [44ms]
2023-05-02 00:05:01.766 [info] > git for-each-ref --format=%(refname)%00%(upstream:short)%00%(objectname)%00%(upstream:track)%00%(upstream:remotename)%00%(upstream:remoteref) refs/heads/master refs/remotes/master [16ms]
2023-05-02 00:05:02.149 [info] > git status -z -uall [332ms]
2023-05-02 00:05:08.675 [info] No remotes found in the git config file.
2023-05-02 00:05:08.677 [info] > git config --get commit.template [41ms]
2023-05-02 00:05:08.690 [info] > git for-each-ref --format=%(refname)%00%(upstream:short)%00%(objectname)%00%(upstream:track)%00%(upstream:remotename)%00%(upstream:remoteref) refs/heads/master refs/remotes/master [16ms]
2023-05-02 00:05:08.844 [info] > git status -z -uall [107ms]
2023-05-02 00:05:14.064 [info] No remotes found in the git config file.
2023-05-02 00:05:14.065 [info] > git config --get commit.template [13ms]
2023-05-02 00:05:14.067 [info] > git for-each-ref --format=%(refname)%00%(upstream:short)%00%(objectname)%00%(upstream:track)%00%(upstream:remotename)%00%(upstream:remoteref) refs/heads/master refs/remotes/master [3ms]
2023-05-02 00:05:14.102 [info] > git status -z -uall [27ms]
2023-05-02 00:05:19.250 [info] No remotes found in the git config file.
2023-05-02 00:05:19.251 [info] > git config --get commit.template [13ms]
2023-05-02 00:05:19.253 [info] > git for-each-ref --format=%(refname)%00%(upstream:short)%00%(objectname)%00%(upstream:track)%00%(upstream:remotename)%00%(upstream:remoteref) refs/heads/master refs/remotes/master [4ms]
2023-05-02 00:05:19.289 [info] > git status -z -uall [26ms]
2023-05-02 00:05:24.425 [info] No remotes found in the git config file.
2023-05-02 00:05:24.426 [info] > git config --get commit.template [19ms]
2023-05-02 00:05:24.429 [info] > git for-each-ref --format=%(refname)%00%(upstream:short)%00%(objectname)%00%(upstream:track)%00%(upstream:remotename)%00%(upstream:remoteref) refs/heads/master refs/remotes/master [4ms]
2023-05-02 00:05:24.470 [info] > git status -z -uall [29ms]
2023-05-02 00:05:32.200 [info] No remotes found in the git config file.
2023-05-02 00:05:32.200 [info] > git config --get commit.template [10ms]
2023-05-02 00:05:32.203 [info] > git for-each-ref --format=%(refname)%00%(upstream:short)%00%(objectname)%00%(upstream:track)%00%(upstream:remotename)%00%(upstream:remoteref) refs/heads/master refs/remotes/master [3ms]
2023-05-02 00:05:32.235 [info] > git status -z -uall [25ms]
2023-05-02 00:05:40.915 [info] No remotes found in the git config file.
2023-05-02 00:05:40.916 [info] > git config --get commit.template [13ms]
2023-05-02 00:05:40.918 [info] > git for-each-ref --format=%(refname)%00%(upstream:short)%00%(objectname)%00%(upstream:track)%00%(upstream:remotename)%00%(upstream:remoteref) refs/heads/master refs/remotes/master [3ms]
2023-05-02 00:05:40.950 [info] > git status -z -uall [22ms]
2023-05-02 00:06:17.316 [info] No remotes found in the git config file.
2023-05-02 00:06:17.317 [info] > git config --get commit.template [9ms]
2023-05-02 00:06:17.320 [info] > git for-each-ref --format=%(refname)%00%(upstream:short)%00%(objectname)%00%(upstream:track)%00%(upstream:remotename)%00%(upstream:remoteref) refs/heads/master refs/remotes/master [4ms]
2023-05-02 00:06:17.355 [info] > git status -z -uall [30ms]
2023-05-02 00:06:22.508 [info] No remotes found in the git config file.
2023-05-02 00:06:22.508 [info] > git config --get commit.template [13ms]
2023-05-02 00:06:22.511 [info] > git for-each-ref --format=%(refname)%00%(upstream:short)%00%(objectname)%00%(upstream:track)%00%(upstream:remotename)%00%(upstream:remoteref) refs/heads/master refs/remotes/master [4ms]
2023-05-02 00:06:22.543 [info] > git status -z -uall [25ms]
2023-05-02 00:06:24.627 [info] > git check-ignore -v -z --stdin [4ms]
2023-05-02 00:06:27.631 [info] No remotes found in the git config file.
2023-05-02 00:06:27.631 [info] > git config --get commit.template [9ms]
2023-05-02 00:06:27.633 [info] > git for-each-ref --format=%(refname)%00%(upstream:short)%00%(objectname)%00%(upstream:track)%00%(upstream:remotename)%00%(upstream:remoteref) refs/heads/master refs/remotes/master [3ms]
2023-05-02 00:06:27.664 [info] > git status -z -uall [24ms]
2023-05-02 00:06:32.780 [info] No remotes found in the git config file.
2023-05-02 00:06:32.780 [info] > git config --get commit.template [10ms]
2023-05-02 00:06:32.783 [info] > git for-each-ref --format=%(refname)%00%(upstream:short)%00%(objectname)%00%(upstream:track)%00%(upstream:remotename)%00%(upstream:remoteref) refs/heads/master refs/remotes/master [3ms]
2023-05-02 00:06:32.815 [info] > git status -z -uall [25ms]
2023-05-02 00:06:52.961 [info] No remotes found in the git config file.
2023-05-02 00:06:52.962 [info] > git config --get commit.template [10ms]
2023-05-02 00:06:52.965 [info] > git for-each-ref --format=%(refname)%00%(upstream:short)%00%(objectname)%00%(upstream:track)%00%(upstream:remotename)%00%(upstream:remoteref) refs/heads/master refs/remotes/master [4ms]
2023-05-02 00:06:53.007 [info] > git status -z -uall [35ms]
2023-05-02 00:07:17.440 [info] No remotes found in the git config file.
2023-05-02 00:07:17.440 [info] > git config --get commit.template [9ms]
2023-05-02 00:07:17.443 [info] > git for-each-ref --format=%(refname)%00%(upstream:short)%00%(objectname)%00%(upstream:track)%00%(upstream:remotename)%00%(upstream:remoteref) refs/heads/master refs/remotes/master [4ms]
2023-05-02 00:07:17.478 [info] > git status -z -uall [30ms]
2023-05-02 00:07:22.627 [info] No remotes found in the git config file.
2023-05-02 00:07:22.628 [info] > git config --get commit.template [10ms]
2023-05-02 00:07:22.631 [info] > git for-each-ref --format=%(refname)%00%(upstream:short)%00%(objectname)%00%(upstream:track)%00%(upstream:remotename)%00%(upstream:remoteref) refs/heads/master refs/remotes/master [4ms]
2023-05-02 00:07:22.683 [info] > git status -z -uall [45ms]
2023-05-02 00:07:32.500 [info] No remotes found in the git config file.
2023-05-02 00:07:32.501 [info] > git config --get commit.template [10ms]
2023-05-02 00:07:32.505 [info] > git for-each-ref --format=%(refname)%00%(upstream:short)%00%(objectname)%00%(upstream:track)%00%(upstream:remotename)%00%(upstream:remoteref) refs/heads/master refs/remotes/master [4ms]
2023-05-02 00:07:32.534 [info] > git status -z -uall [23ms]
2023-05-02 00:07:52.101 [info] > git check-ignore -v -z --stdin [4ms]
2023-05-02 00:07:52.819 [info] No remotes found in the git config file.
2023-05-02 00:07:52.820 [info] > git config --get commit.template [9ms]
2023-05-02 00:07:52.822 [info] > git for-each-ref --format=%(refname)%00%(upstream:short)%00%(objectname)%00%(upstream:track)%00%(upstream:remotename)%00%(upstream:remoteref) refs/heads/master refs/remotes/master [3ms]
2023-05-02 00:07:52.857 [info] > git status -z -uall [28ms]
2023-05-02 00:08:17.528 [info] No remotes found in the git config file.
2023-05-02 00:08:17.529 [info] > git config --get commit.template [14ms]
2023-05-02 00:08:17.532 [info] > git for-each-ref --format=%(refname)%00%(upstream:short)%00%(objectname)%00%(upstream:track)%00%(upstream:remotename)%00%(upstream:remoteref) refs/heads/master refs/remotes/master [4ms]
2023-05-02 00:08:17.571 [info] > git status -z -uall [32ms]
2023-05-02 00:08:22.284 [info] > git ls-files --stage -- /home/sagar/SAGARGit/index.html [4ms]
2023-05-02 00:08:22.301 [info] > git show --textconv :SAGARGit/index.html [6ms]
2023-05-02 00:08:22.703 [info] No remotes found in the git config file.
2023-05-02 00:08:22.705 [info] > git config --get commit.template [10ms]
2023-05-02 00:08:22.708 [info] > git for-each-ref --format=%(refname)%00%(upstream:short)%00%(objectname)%00%(upstream:track)%00%(upstream:remotename)%00%(upstream:remoteref) refs/heads/master refs/remotes/master [5ms]
2023-05-02 00:08:22.738 [info] > git status -z -uall [23ms]
2023-05-02 00:08:32.845 [info] No remotes found in the git config file.
2023-05-02 00:08:32.848 [info] > git config --get commit.template [13ms]
2023-05-02 00:08:32.852 [info] > git for-each-ref --format=%(refname)%00%(upstream:short)%00%(objectname)%00%(upstream:track)%00%(upstream:remotename)%00%(upstream:remoteref) refs/heads/master refs/remotes/master [8ms]
2023-05-02 00:08:32.890 [info] > git status -z -uall [25ms]
2023-05-02 00:08:36.134 [info] > git ls-files --stage -- /home/sagar/SAGARGit/index.html [4ms]
2023-05-02 00:08:36.150 [info] > git show --textconv :SAGARGit/index.html [3ms]
2023-05-02 00:08:38.036 [info] No remotes found in the git config file.
2023-05-02 00:08:38.037 [info] > git config --get commit.template [12ms]
2023-05-02 00:08:38.039 [info] > git for-each-ref --format=%(refname)%00%(upstream:short)%00%(objectname)%00%(upstream:track)%00%(upstream:remotename)%00%(upstream:remoteref) refs/heads/master refs/remotes/master [4ms]
2023-05-02 00:08:38.073 [info] > git status -z -uall [26ms]
2023-05-02 00:08:43.225 [info] No remotes found in the git config file.
2023-05-02 00:08:43.225 [info] > git config --get commit.template [11ms]
2023-05-02 00:08:43.229 [info] > git for-each-ref --format=%(refname)%00%(upstream:short)%00%(objectname)%00%(upstream:track)%00%(upstream:remotename)%00%(upstream:remoteref) refs/heads/master refs/remotes/master [4ms]
2023-05-02 00:08:43.261 [info] > git status -z -uall [25ms]
2023-05-02 00:08:48.460 [info] No remotes found in the git config file.
2023-05-02 00:08:48.462 [info] > git config --get commit.template [13ms]
2023-05-02 00:08:48.465 [info] > git for-each-ref --format=%(refname)%00%(upstream:short)%00%(objectname)%00%(upstream:track)%00%(upstream:remotename)%00%(upstream:remoteref) refs/heads/master refs/remotes/master [5ms]
2023-05-02 00:08:48.498 [info] > git status -z -uall [22ms]
2023-05-02 00:08:53.941 [info] > git ls-files --stage -- /home/sagar/SAGARGit/index.html [4ms]
2023-05-02 00:08:53.957 [info] > git show --textconv :SAGARGit/index.html [4ms]
2023-05-02 00:08:54.277 [info] No remotes found in the git config file.
2023-05-02 00:08:54.277 [info] > git config --get commit.template [11ms]
2023-05-02 00:08:54.293 [info] > git for-each-ref --format=%(refname)%00%(upstream:short)%00%(objectname)%00%(upstream:track)%00%(upstream:remotename)%00%(upstream:remoteref) refs/heads/master refs/remotes/master [16ms]
2023-05-02 00:08:54.359 [info] > git status -z -uall [55ms]
2023-05-02 00:09:08.082 [info] No remotes found in the git config file.
2023-05-02 00:09:08.083 [info] > git config --get commit.template [9ms]
2023-05-02 00:09:08.085 [info] > git for-each-ref --format=%(refname)%00%(upstream:short)%00%(objectname)%00%(upstream:track)%00%(upstream:remotename)%00%(upstream:remoteref) refs/heads/master refs/remotes/master [3ms]
2023-05-02 00:09:08.118 [info] > git status -z -uall [26ms]
2023-05-02 00:09:10.492 [info] > git ls-files --stage -- /home/sagar/SAGARGit/index.html [4ms]
2023-05-02 00:09:10.507 [info] > git show --textconv :SAGARGit/index.html [3ms]
2023-05-02 00:09:13.206 [info] No remotes found in the git config file.
2023-05-02 00:09:13.209 [info] > git config --get commit.template [12ms]
2023-05-02 00:09:13.212 [info] > git for-each-ref --format=%(refname)%00%(upstream:short)%00%(objectname)%00%(upstream:track)%00%(upstream:remotename)%00%(upstream:remoteref) refs/heads/main refs/remotes/main [6ms]
2023-05-02 00:09:13.248 [info] > git status -z -uall [30ms]
2023-05-02 00:09:18.409 [info] No remotes found in the git config file.
2023-05-02 00:09:18.410 [info] > git config --get commit.template [11ms]
2023-05-02 00:09:18.413 [info] > git for-each-ref --format=%(refname)%00%(upstream:short)%00%(objectname)%00%(upstream:track)%00%(upstream:remotename)%00%(upstream:remoteref) refs/heads/main refs/remotes/main [4ms]
2023-05-02 00:09:18.444 [info] > git status -z -uall [23ms]
2023-05-02 00:09:23.585 [info] No remotes found in the git config file.
2023-05-02 00:09:23.586 [info] > git config --get commit.template [11ms]
2023-05-02 00:09:23.589 [info] > git for-each-ref --format=%(refname)%00%(upstream:short)%00%(objectname)%00%(upstream:track)%00%(upstream:remotename)%00%(upstream:remoteref) refs/heads/main refs/remotes/main [4ms]
2023-05-02 00:09:23.626 [info] > git status -z -uall [27ms]
2023-05-02 00:09:37.178 [info] No remotes found in the git config file.
2023-05-02 00:09:37.210 [info] > git config --get commit.template [40ms]
2023-05-02 00:09:37.231 [info] > git for-each-ref --format=%(refname)%00%(upstream:short)%00%(objectname)%00%(upstream:track)%00%(upstream:remotename)%00%(upstream:remoteref) refs/heads/main refs/remotes/main [53ms]
2023-05-02 00:09:37.555 [info] > git status -z -uall [264ms]
2023-05-02 00:09:42.948 [info] No remotes found in the git config file.
2023-05-02 00:09:42.949 [info] > git config --get commit.template [11ms]
2023-05-02 00:09:42.953 [info] > git for-each-ref --format=%(refname)%00%(upstream:short)%00%(objectname)%00%(upstream:track)%00%(upstream:remotename)%00%(upstream:remoteref) refs/heads/main refs/remotes/main [4ms]
2023-05-02 00:09:42.986 [info] > git status -z -uall [26ms]
2023-05-02 00:09:51.382 [info] > git ls-files --stage -- /home/sagar/SAGARGit/index.html [3ms]
2023-05-02 00:09:51.397 [info] > git show --textconv :SAGARGit/index.html [5ms]
2023-05-02 00:09:51.643 [info] > git config --get commit.template [16ms]
2023-05-02 00:09:51.646 [info] > git for-each-ref --format=%(refname)%00%(upstream:short)%00%(objectname)%00%(upstream:track)%00%(upstream:remotename)%00%(upstream:remoteref) refs/heads/main refs/remotes/main [10ms]
2023-05-02 00:09:51.691 [info] > git status -z -uall [35ms]
2023-05-02 00:09:57.304 [info] > git config --get commit.template [59ms]
2023-05-02 00:09:57.317 [info] > git for-each-ref --format=%(refname)%00%(upstream:short)%00%(objectname)%00%(upstream:track)%00%(upstream:remotename)%00%(upstream:remoteref) refs/heads/main refs/remotes/main [14ms]
2023-05-02 00:09:57.439 [info] > git status -z -uall [108ms]
2023-05-02 00:10:14.092 [info] > git config --get commit.template [11ms]
2023-05-02 00:10:14.097 [info] > git for-each-ref --format=%(refname)%00%(upstream:short)%00%(objectname)%00%(upstream:track)%00%(upstream:remotename)%00%(upstream:remoteref) refs/heads/main refs/remotes/main [7ms]
2023-05-02 00:10:14.131 [info] > git status -z -uall [28ms]
2023-05-02 00:10:19.235 [info] > git config --get commit.template [12ms]
2023-05-02 00:10:19.238 [info] > git for-each-ref --format=%(refname)%00%(upstream:short)%00%(objectname)%00%(upstream:track)%00%(upstream:remotename)%00%(upstream:remoteref) refs/heads/main refs/remotes/main [3ms]
2023-05-02 00:10:19.269 [info] > git status -z -uall [22ms]
2023-05-02 00:10:24.423 [info] > git config --get commit.template [12ms]
2023-05-02 00:10:24.427 [info] > git for-each-ref --format=%(refname)%00%(upstream:short)%00%(objectname)%00%(upstream:track)%00%(upstream:remotename)%00%(upstream:remoteref) refs/heads/main refs/remotes/main [4ms]
2023-05-02 00:10:24.463 [info] > git status -z -uall [28ms]
2023-05-02 00:10:32.953 [info] > git config --get commit.template [10ms]
2023-05-02 00:10:32.956 [info] > git for-each-ref --format=%(refname)%00%(upstream:short)%00%(objectname)%00%(upstream:track)%00%(upstream:remotename)%00%(upstream:remoteref) refs/heads/main refs/remotes/main [4ms]
2023-05-02 00:10:32.989 [info] > git status -z -uall [27ms]
2023-05-02 00:10:54.260 [info] > git config --get commit.template [43ms]
2023-05-02 00:10:54.328 [info] > git for-each-ref --format=%(refname)%00%(upstream:short)%00%(objectname)%00%(upstream:track)%00%(upstream:remotename)%00%(upstream:remoteref) refs/heads/main refs/remotes/main [71ms]
2023-05-02 00:10:54.511 [info] > git status -z -uall [154ms]
2023-05-02 00:11:04.389 [info] > git config --get commit.template [23ms]
2023-05-02 00:11:04.544 [info] > git for-each-ref --format=%(refname)%00%(upstream:short)%00%(objectname)%00%(upstream:track)%00%(upstream:remotename)%00%(upstream:remoteref) refs/heads/main refs/remotes/main [75ms]
2023-05-02 00:11:04.985 [info] > git status -z -uall [404ms]
2023-05-02 00:13:45.178 [info] > git config --get commit.template [22ms]
2023-05-02 00:13:45.237 [info] > git for-each-ref --format=%(refname)%00%(upstream:short)%00%(objectname)%00%(upstream:track)%00%(upstream:remotename)%00%(upstream:remoteref) refs/heads/main refs/remotes/main [61ms]
2023-05-02 00:13:45.502 [info] > git status -z -uall [217ms]
2023-05-02 00:13:50.722 [info] > git config --get commit.template [14ms]
2023-05-02 00:13:50.725 [info] > git for-each-ref --format=%(refname)%00%(upstream:short)%00%(objectname)%00%(upstream:track)%00%(upstream:remotename)%00%(upstream:remoteref) refs/heads/main refs/remotes/main [5ms]
2023-05-02 00:13:50.762 [info] > git status -z -uall [29ms]
2023-05-02 00:13:53.958 [info] > git ls-files --stage -- /home/sagar/SAGARGit/index.html [3ms]
2023-05-02 00:13:53.975 [info] > git show --textconv :SAGARGit/index.html [4ms]
2023-05-02 00:13:55.885 [info] > git config --get commit.template [15ms]
2023-05-02 00:13:55.890 [info] > git for-each-ref --format=%(refname)%00%(upstream:short)%00%(objectname)%00%(upstream:track)%00%(upstream:remotename)%00%(upstream:remoteref) refs/heads/main refs/remotes/main [6ms]
2023-05-02 00:13:55.920 [info] > git status -z -uall [22ms]
2023-05-02 00:14:02.090 [info] > git config --get commit.template [11ms]
2023-05-02 00:14:02.093 [info] > git for-each-ref --format=%(refname)%00%(upstream:short)%00%(objectname)%00%(upstream:track)%00%(upstream:remotename)%00%(upstream:remoteref) refs/heads/main refs/remotes/main [4ms]
2023-05-02 00:14:02.128 [info] > git status -z -uall [28ms]
2023-05-02 00:14:08.104 [info] > git config --get commit.template [12ms]
2023-05-02 00:14:08.107 [info] > git for-each-ref --format=%(refname)%00%(upstream:short)%00%(objectname)%00%(upstream:track)%00%(upstream:remotename)%00%(upstream:remoteref) refs/heads/main refs/remotes/main [4ms]
2023-05-02 00:14:08.141 [info] > git status -z -uall [25ms]
2023-05-02 00:14:19.316 [info] > git config --get commit.template [12ms]
2023-05-02 00:14:19.320 [info] > git for-each-ref --format=%(refname)%00%(upstream:short)%00%(objectname)%00%(upstream:track)%00%(upstream:remotename)%00%(upstream:remoteref) refs/heads/main refs/remotes/main [5ms]
2023-05-02 00:14:19.353 [info] > git status -z -uall [25ms]
2023-05-02 00:14:24.485 [info] > git config --get commit.template [11ms]
2023-05-02 00:14:24.489 [info] > git for-each-ref --format=%(refname)%00%(upstream:short)%00%(objectname)%00%(upstream:track)%00%(upstream:remotename)%00%(upstream:remoteref) refs/heads/main refs/remotes/main [4ms]
2023-05-02 00:14:24.521 [info] > git status -z -uall [23ms]
2023-05-02 00:14:34.358 [info] > git config --get commit.template [9ms]
2023-05-02 00:14:34.361 [info] > git for-each-ref --format=%(refname)%00%(upstream:short)%00%(objectname)%00%(upstream:track)%00%(upstream:remotename)%00%(upstream:remoteref) refs/heads/main refs/remotes/main [3ms]
2023-05-02 00:14:34.397 [info] > git status -z -uall [30ms]
2023-05-02 00:15:19.396 [info] > git config --get commit.template [10ms]
2023-05-02 00:15:19.399 [info] > git for-each-ref --format=%(refname)%00%(upstream:short)%00%(objectname)%00%(upstream:track)%00%(upstream:remotename)%00%(upstream:remoteref) refs/heads/main refs/remotes/main [4ms]
2023-05-02 00:15:19.434 [info] > git status -z -uall [29ms]
2023-05-02 00:15:24.599 [info] > git config --get commit.template [10ms]
2023-05-02 00:15:24.604 [info] > git for-each-ref --format=%(refname)%00%(upstream:short)%00%(objectname)%00%(upstream:track)%00%(upstream:remotename)%00%(upstream:remoteref) refs/heads/main refs/remotes/main [5ms]
2023-05-02 00:15:24.633 [info] > git status -z -uall [22ms]
2023-05-02 00:15:34.458 [info] > git config --get commit.template [9ms]
2023-05-02 00:15:34.461 [info] > git for-each-ref --format=%(refname)%00%(upstream:short)%00%(objectname)%00%(upstream:track)%00%(upstream:remotename)%00%(upstream:remoteref) refs/heads/main refs/remotes/main [4ms]
2023-05-02 00:15:34.495 [info] > git status -z -uall [28ms]
2023-05-02 00:15:40.929 [info] > git config --get commit.template [10ms]
2023-05-02 00:15:40.933 [info] > git for-each-ref --format=%(refname)%00%(upstream:short)%00%(objectname)%00%(upstream:track)%00%(upstream:remotename)%00%(upstream:remoteref) refs/heads/main refs/remotes/main [5ms]
2023-05-02 00:15:40.964 [info] > git status -z -uall [24ms]
2023-05-02 00:16:16.172 [info] > git config --get commit.template [9ms]
2023-05-02 00:16:16.177 [info] > git for-each-ref --format=%(refname)%00%(upstream:short)%00%(objectname)%00%(upstream:track)%00%(upstream:remotename)%00%(upstream:remoteref) refs/heads/main refs/remotes/main [6ms]
2023-05-02 00:16:16.211 [info] > git status -z -uall [29ms]
2023-05-02 00:16:21.311 [info] > git config --get commit.template [11ms]
2023-05-02 00:16:21.314 [info] > git for-each-ref --format=%(refname)%00%(upstream:short)%00%(objectname)%00%(upstream:track)%00%(upstream:remotename)%00%(upstream:remoteref) refs/heads/main refs/remotes/main [4ms]
2023-05-02 00:16:21.352 [info] > git status -z -uall [30ms]
2023-05-02 00:16:26.508 [info] > git config --get commit.template [11ms]
2023-05-02 00:16:26.511 [info] > git for-each-ref --format=%(refname)%00%(upstream:short)%00%(objectname)%00%(upstream:track)%00%(upstream:remotename)%00%(upstream:remoteref) refs/heads/main refs/remotes/main [4ms]
2023-05-02 00:16:26.547 [info] > git status -z -uall [27ms]
2023-05-02 00:16:34.573 [info] > git config --get commit.template [13ms]
2023-05-02 00:16:34.577 [info] > git for-each-ref --format=%(refname)%00%(upstream:short)%00%(objectname)%00%(upstream:track)%00%(upstream:remotename)%00%(upstream:remoteref) refs/heads/main refs/remotes/main [4ms]
2023-05-02 00:16:34.607 [info] > git status -z -uall [23ms]
2023-05-02 00:17:19.609 [info] > git config --get commit.template [8ms]
2023-05-02 00:17:19.613 [info] > git for-each-ref --format=%(refname)%00%(upstream:short)%00%(objectname)%00%(upstream:track)%00%(upstream:remotename)%00%(upstream:remoteref) refs/heads/main refs/remotes/main [4ms]
2023-05-02 00:17:19.656 [info] > git status -z -uall [38ms]
2023-05-02 00:17:24.793 [info] > git config --get commit.template [10ms]
2023-05-02 00:17:24.795 [info] > git for-each-ref --format=%(refname)%00%(upstream:short)%00%(objectname)%00%(upstream:track)%00%(upstream:remotename)%00%(upstream:remoteref) refs/heads/main refs/remotes/main [3ms]
2023-05-02 00:17:24.827 [info] > git status -z -uall [24ms]
2023-05-02 00:17:31.378 [info] > git config --get commit.template [10ms]
2023-05-02 00:17:31.381 [info] > git for-each-ref --format=%(refname)%00%(upstream:short)%00%(objectname)%00%(upstream:track)%00%(upstream:remotename)%00%(upstream:remoteref) refs/heads/main refs/remotes/main [4ms]
2023-05-02 00:17:31.413 [info] > git status -z -uall [25ms]
2023-05-02 00:17:36.533 [info] > git config --get commit.template [13ms]
2023-05-02 00:17:36.537 [info] > git for-each-ref --format=%(refname)%00%(upstream:short)%00%(objectname)%00%(upstream:track)%00%(upstream:remotename)%00%(upstream:remoteref) refs/heads/main refs/remotes/main [4ms]
2023-05-02 00:17:36.573 [info] > git status -z -uall [28ms]
2023-05-02 00:17:42.842 [info] > git config --get commit.template [12ms]
2023-05-02 00:17:42.845 [info] > git for-each-ref --format=%(refname)%00%(upstream:short)%00%(objectname)%00%(upstream:track)%00%(upstream:remotename)%00%(upstream:remoteref) refs/heads/main refs/remotes/main [3ms]
2023-05-02 00:17:42.885 [info] > git status -z -uall [30ms]
2023-05-02 00:18:19.693 [info] > git config --get commit.template [11ms]
2023-05-02 00:18:19.695 [info] > git for-each-ref --format=%(refname)%00%(upstream:short)%00%(objectname)%00%(upstream:track)%00%(upstream:remotename)%00%(upstream:remoteref) refs/heads/main refs/remotes/main [3ms]
2023-05-02 00:18:19.731 [info] > git status -z -uall [30ms]
2023-05-02 00:18:24.861 [info] > git config --get commit.template [9ms]
2023-05-02 00:18:24.876 [info] > git for-each-ref --format=%(refname)%00%(upstream:short)%00%(objectname)%00%(upstream:track)%00%(upstream:remotename)%00%(upstream:remoteref) refs/heads/main refs/remotes/main [16ms]
2023-05-02 00:18:24.923 [info] > git status -z -uall [29ms]
2023-05-02 00:18:33.384 [info] > git config --get commit.template [10ms]
2023-05-02 00:18:33.387 [info] > git for-each-ref --format=%(refname)%00%(upstream:short)%00%(objectname)%00%(upstream:track)%00%(upstream:remotename)%00%(upstream:remoteref) refs/heads/main refs/remotes/main [4ms]
2023-05-02 00:18:33.422 [info] > git status -z -uall [28ms]
2023-05-02 00:18:38.516 [info] > git config --get commit.template [14ms]
2023-05-02 00:18:38.519 [info] > git for-each-ref --format=%(refname)%00%(upstream:short)%00%(objectname)%00%(upstream:track)%00%(upstream:remotename)%00%(upstream:remoteref) refs/heads/main refs/remotes/main [4ms]
2023-05-02 00:18:38.552 [info] > git status -z -uall [24ms]
2023-05-02 00:18:43.699 [info] > git config --get commit.template [13ms]
2023-05-02 00:18:43.702 [info] > git for-each-ref --format=%(refname)%00%(upstream:short)%00%(objectname)%00%(upstream:track)%00%(upstream:remotename)%00%(upstream:remoteref) refs/heads/main refs/remotes/main [4ms]
2023-05-02 00:18:43.738 [info] > git status -z -uall [24ms]
2023-05-02 00:18:48.845 [info] > git config --get commit.template [11ms]
2023-05-02 00:18:48.852 [info] > git for-each-ref --format=%(refname)%00%(upstream:short)%00%(objectname)%00%(upstream:track)%00%(upstream:remotename)%00%(upstream:remoteref) refs/heads/main refs/remotes/main [7ms]
2023-05-02 00:18:48.893 [info] > git status -z -uall [33ms]
2023-05-02 00:18:54.018 [info] > git config --get commit.template [11ms]
2023-05-02 00:18:54.025 [info] > git for-each-ref --format=%(refname)%00%(upstream:short)%00%(objectname)%00%(upstream:track)%00%(upstream:remotename)%00%(upstream:remoteref) refs/heads/main refs/remotes/main [8ms]
2023-05-02 00:18:54.059 [info] > git status -z -uall [26ms]
2023-05-02 00:19:07.067 [info] > git config --get commit.template [10ms]
2023-05-02 00:19:07.070 [info] > git for-each-ref --format=%(refname)%00%(upstream:short)%00%(objectname)%00%(upstream:track)%00%(upstream:remotename)%00%(upstream:remoteref) refs/heads/main refs/remotes/main [4ms]
2023-05-02 00:19:07.106 [info] > git status -z -uall [30ms]
2023-05-02 00:19:12.211 [info] > git config --get commit.template [10ms]
2023-05-02 00:19:12.214 [info] > git for-each-ref --format=%(refname)%00%(upstream:short)%00%(objectname)%00%(upstream:track)%00%(upstream:remotename)%00%(upstream:remoteref) refs/heads/main refs/remotes/main [4ms]
2023-05-02 00:19:12.245 [info] > git status -z -uall [25ms]
2023-05-02 00:19:19.801 [info] > git config --get commit.template [11ms]
2023-05-02 00:19:19.805 [info] > git for-each-ref --format=%(refname)%00%(upstream:short)%00%(objectname)%00%(upstream:track)%00%(upstream:remotename)%00%(upstream:remoteref) refs/heads/main refs/remotes/main [4ms]
2023-05-02 00:19:19.848 [info] > git status -z -uall [37ms]
2023-05-02 00:19:25.004 [info] > git config --get commit.template [15ms]
2023-05-02 00:19:25.007 [info] > git for-each-ref --format=%(refname)%00%(upstream:short)%00%(objectname)%00%(upstream:track)%00%(upstream:remotename)%00%(upstream:remoteref) refs/heads/main refs/remotes/main [4ms]
2023-05-02 00:19:25.057 [info] > git status -z -uall [39ms]
2023-05-02 00:19:33.241 [info] > git config --get commit.template [12ms]
2023-05-02 00:19:33.245 [info] > git for-each-ref --format=%(refname)%00%(upstream:short)%00%(objectname)%00%(upstream:track)%00%(upstream:remotename)%00%(upstream:remoteref) refs/heads/main refs/remotes/main [5ms]
2023-05-02 00:19:33.278 [info] > git status -z -uall [24ms]
2023-05-02 00:19:38.390 [info] > git config --get commit.template [12ms]
2023-05-02 00:19:38.393 [info] > git for-each-ref --format=%(refname)%00%(upstream:short)%00%(objectname)%00%(upstream:track)%00%(upstream:remotename)%00%(upstream:remoteref) refs/heads/main refs/remotes/main [4ms]
2023-05-02 00:19:38.427 [info] > git status -z -uall [26ms]
2023-05-02 00:19:43.538 [info] > git config --get commit.template [13ms]
2023-05-02 00:19:43.542 [info] > git for-each-ref --format=%(refname)%00%(upstream:short)%00%(objectname)%00%(upstream:track)%00%(upstream:remotename)%00%(upstream:remoteref) refs/heads/main refs/remotes/main [6ms]
2023-05-02 00:19:43.577 [info] > git status -z -uall [24ms]
2023-05-02 00:19:48.694 [info] > git config --get commit.template [10ms]
2023-05-02 00:19:48.698 [info] > git for-each-ref --format=%(refname)%00%(upstream:short)%00%(objectname)%00%(upstream:track)%00%(upstream:remotename)%00%(upstream:remoteref) refs/heads/main refs/remotes/main [4ms]
2023-05-02 00:19:48.738 [info] > git status -z -uall [30ms]
2023-05-02 00:20:19.907 [info] > git config --get commit.template [12ms]
2023-05-02 00:20:19.912 [info] > git for-each-ref --format=%(refname)%00%(upstream:short)%00%(objectname)%00%(upstream:track)%00%(upstream:remotename)%00%(upstream:remoteref) refs/heads/main refs/remotes/main [5ms]
2023-05-02 00:20:19.956 [info] > git status -z -uall [35ms]
2023-05-02 00:20:25.108 [info] > git config --get commit.template [10ms]
2023-05-02 00:20:25.113 [info] > git for-each-ref --format=%(refname)%00%(upstream:short)%00%(objectname)%00%(upstream:track)%00%(upstream:remotename)%00%(upstream:remoteref) refs/heads/main refs/remotes/main [4ms]
2023-05-02 00:20:25.144 [info] > git status -z -uall [23ms]
2023-05-02 00:20:34.970 [info] > git config --get commit.template [10ms]
2023-05-02 00:20:34.973 [info] > git for-each-ref --format=%(refname)%00%(upstream:short)%00%(objectname)%00%(upstream:track)%00%(upstream:remotename)%00%(upstream:remoteref) refs/heads/main refs/remotes/main [4ms]
2023-05-02 00:20:35.006 [info] > git status -z -uall [25ms]
2023-05-02 00:21:19.975 [info] > git config --get commit.template [9ms]
2023-05-02 00:21:19.978 [info] > git for-each-ref --format=%(refname)%00%(upstream:short)%00%(objectname)%00%(upstream:track)%00%(upstream:remotename)%00%(upstream:remoteref) refs/heads/main refs/remotes/main [3ms]
2023-05-02 00:21:20.016 [info] > git status -z -uall [32ms]
2023-05-02 00:21:25.141 [info] > git config --get commit.template [10ms]
2023-05-02 00:21:25.143 [info] > git for-each-ref --format=%(refname)%00%(upstream:short)%00%(objectname)%00%(upstream:track)%00%(upstream:remotename)%00%(upstream:remoteref) refs/heads/main refs/remotes/main [3ms]
2023-05-02 00:21:25.175 [info] > git status -z -uall [25ms]
2023-05-02 00:21:31.329 [info] > git config --get commit.template [12ms]
2023-05-02 00:21:31.335 [info] > git for-each-ref --format=%(refname)%00%(upstream:short)%00%(objectname)%00%(upstream:track)%00%(upstream:remotename)%00%(upstream:remoteref) refs/heads/main refs/remotes/main [6ms]
2023-05-02 00:21:31.367 [info] > git status -z -uall [23ms]
2023-05-02 00:21:36.459 [info] > git config --get commit.template [12ms]
2023-05-02 00:21:36.462 [info] > git for-each-ref --format=%(refname)%00%(upstream:short)%00%(objectname)%00%(upstream:track)%00%(upstream:remotename)%00%(upstream:remoteref) refs/heads/main refs/remotes/main [3ms]
2023-05-02 00:21:36.494 [info] > git status -z -uall [23ms]
2023-05-02 00:21:41.615 [info] > git config --get commit.template [13ms]
2023-05-02 00:21:41.619 [info] > git for-each-ref --format=%(refname)%00%(upstream:short)%00%(objectname)%00%(upstream:track)%00%(upstream:remotename)%00%(upstream:remoteref) refs/heads/main refs/remotes/main [5ms]
2023-05-02 00:21:41.653 [info] > git status -z -uall [23ms]
2023-05-02 00:22:20.056 [info] > git config --get commit.template [10ms]
2023-05-02 00:22:20.061 [info] > git for-each-ref --format=%(refname)%00%(upstream:short)%00%(objectname)%00%(upstream:track)%00%(upstream:remotename)%00%(upstream:remoteref) refs/heads/main refs/remotes/main [5ms]
2023-05-02 00:22:20.096 [info] > git status -z -uall [29ms]
2023-05-02 00:22:25.238 [info] > git config --get commit.template [10ms]
2023-05-02 00:22:25.241 [info] > git for-each-ref --format=%(refname)%00%(upstream:short)%00%(objectname)%00%(upstream:track)%00%(upstream:remotename)%00%(upstream:remoteref) refs/heads/main refs/remotes/main [4ms]
2023-05-02 00:22:25.271 [info] > git status -z -uall [24ms]
2023-05-02 00:22:35.155 [info] > git config --get commit.template [10ms]
2023-05-02 00:22:35.158 [info] > git for-each-ref --format=%(refname)%00%(upstream:short)%00%(objectname)%00%(upstream:track)%00%(upstream:remotename)%00%(upstream:remoteref) refs/heads/main refs/remotes/main [3ms]
2023-05-02 00:22:35.191 [info] > git status -z -uall [28ms]
2023-05-02 00:23:20.123 [info] > git config --get commit.template [10ms]
2023-05-02 00:23:20.126 [info] > git for-each-ref --format=%(refname)%00%(upstream:short)%00%(objectname)%00%(upstream:track)%00%(upstream:remotename)%00%(upstream:remoteref) refs/heads/main refs/remotes/main [4ms]
2023-05-02 00:23:20.162 [info] > git status -z -uall [30ms]
2023-05-02 00:23:25.280 [info] > git config --get commit.template [11ms]
2023-05-02 00:23:25.283 [info] > git for-each-ref --format=%(refname)%00%(upstream:short)%00%(objectname)%00%(upstream:track)%00%(upstream:remotename)%00%(upstream:remoteref) refs/heads/main refs/remotes/main [4ms]
2023-05-02 00:23:25.312 [info] > git status -z -uall [23ms]
2023-05-02 00:23:33.663 [info] > git config --get commit.template [10ms]
2023-05-02 00:23:33.666 [info] > git for-each-ref --format=%(refname)%00%(upstream:short)%00%(objectname)%00%(upstream:track)%00%(upstream:remotename)%00%(upstream:remoteref) refs/heads/main refs/remotes/main [3ms]
2023-05-02 00:23:33.699 [info] > git status -z -uall [25ms]
2023-05-02 00:23:38.793 [info] > git config --get commit.template [11ms]
2023-05-02 00:23:38.797 [info] > git for-each-ref --format=%(refname)%00%(upstream:short)%00%(objectname)%00%(upstream:track)%00%(upstream:remotename)%00%(upstream:remoteref) refs/heads/main refs/remotes/main [5ms]
2023-05-02 00:23:38.833 [info] > git status -z -uall [28ms]
2023-05-02 00:23:43.959 [info] > git config --get commit.template [13ms]
2023-05-02 00:23:43.962 [info] > git for-each-ref --format=%(refname)%00%(upstream:short)%00%(objectname)%00%(upstream:track)%00%(upstream:remotename)%00%(upstream:remoteref) refs/heads/main refs/remotes/main [5ms]
2023-05-02 00:23:44.005 [info] > git status -z -uall [31ms]
2023-05-02 00:23:52.464 [info] > git config --get commit.template [13ms]
2023-05-02 00:23:52.467 [info] > git for-each-ref --format=%(refname)%00%(upstream:short)%00%(objectname)%00%(upstream:track)%00%(upstream:remotename)%00%(upstream:remoteref) refs/heads/main refs/remotes/main [4ms]
2023-05-02 00:23:52.528 [info] > git status -z -uall [38ms]
2023-05-02 00:24:08.181 [info] > git config --get commit.template [9ms]
2023-05-02 00:24:08.184 [info] > git for-each-ref --format=%(refname)%00%(upstream:short)%00%(objectname)%00%(upstream:track)%00%(upstream:remotename)%00%(upstream:remoteref) refs/heads/main refs/remotes/main [4ms]
2023-05-02 00:24:08.220 [info] > git status -z -uall [29ms]
2023-05-02 00:24:20.236 [info] > git config --get commit.template [9ms]
2023-05-02 00:24:20.239 [info] > git for-each-ref --format=%(refname)%00%(upstream:short)%00%(objectname)%00%(upstream:track)%00%(upstream:remotename)%00%(upstream:remoteref) refs/heads/main refs/remotes/main [4ms]
2023-05-02 00:24:20.275 [info] > git status -z -uall [30ms]
2023-05-02 00:24:25.419 [info] > git config --get commit.template [10ms]
2023-05-02 00:24:25.422 [info] > git for-each-ref --format=%(refname)%00%(upstream:short)%00%(objectname)%00%(upstream:track)%00%(upstream:remotename)%00%(upstream:remoteref) refs/heads/main refs/remotes/main [4ms]
2023-05-02 00:24:25.453 [info] > git status -z -uall [22ms]
2023-05-02 00:24:35.311 [info] > git config --get commit.template [11ms]
2023-05-02 00:24:35.313 [info] > git for-each-ref --format=%(refname)%00%(upstream:short)%00%(objectname)%00%(upstream:track)%00%(upstream:remotename)%00%(upstream:remoteref) refs/heads/main refs/remotes/main [4ms]
2023-05-02 00:24:35.348 [info] > git status -z -uall [28ms]
2023-05-02 00:25:20.312 [info] > git config --get commit.template [10ms]
2023-05-02 00:25:20.316 [info] > git for-each-ref --format=%(refname)%00%(upstream:short)%00%(objectname)%00%(upstream:track)%00%(upstream:remotename)%00%(upstream:remoteref) refs/heads/main refs/remotes/main [4ms]
2023-05-02 00:25:20.353 [info] > git status -z -uall [32ms]
2023-05-02 00:25:25.517 [info] > git config --get commit.template [11ms]
2023-05-02 00:25:25.521 [info] > git for-each-ref --format=%(refname)%00%(upstream:short)%00%(objectname)%00%(upstream:track)%00%(upstream:remotename)%00%(upstream:remoteref) refs/heads/main refs/remotes/main [6ms]
2023-05-02 00:25:25.551 [info] > git status -z -uall [24ms]
2023-05-02 00:25:35.369 [info] > git config --get commit.template [11ms]
2023-05-02 00:25:35.373 [info] > git for-each-ref --format=%(refname)%00%(upstream:short)%00%(objectname)%00%(upstream:track)%00%(upstream:remotename)%00%(upstream:remoteref) refs/heads/main refs/remotes/main [4ms]
2023-05-02 00:25:35.508 [info] > git status -z -uall [126ms]
2023-05-02 00:26:20.372 [info] > git config --get commit.template [9ms]
2023-05-02 00:26:20.375 [info] > git for-each-ref --format=%(refname)%00%(upstream:short)%00%(objectname)%00%(upstream:track)%00%(upstream:remotename)%00%(upstream:remoteref) refs/heads/main refs/remotes/main [4ms]
2023-05-02 00:26:20.411 [info] > git status -z -uall [30ms]
2023-05-02 00:26:25.534 [info] > git config --get commit.template [11ms]
2023-05-02 00:26:25.537 [info] > git for-each-ref --format=%(refname)%00%(upstream:short)%00%(objectname)%00%(upstream:track)%00%(upstream:remotename)%00%(upstream:remoteref) refs/heads/main refs/remotes/main [3ms]
2023-05-02 00:26:25.570 [info] > git status -z -uall [26ms]
2023-05-02 00:26:35.516 [info] > git config --get commit.template [9ms]
2023-05-02 00:26:35.519 [info] > git for-each-ref --format=%(refname)%00%(upstream:short)%00%(objectname)%00%(upstream:track)%00%(upstream:remotename)%00%(upstream:remoteref) refs/heads/main refs/remotes/main [3ms]
2023-05-02 00:26:35.554 [info] > git status -z -uall [29ms]
2023-05-02 00:27:20.449 [info] > git config --get commit.template [10ms]
2023-05-02 00:27:20.453 [info] > git for-each-ref --format=%(refname)%00%(upstream:short)%00%(objectname)%00%(upstream:track)%00%(upstream:remotename)%00%(upstream:remoteref) refs/heads/main refs/remotes/main [4ms]
2023-05-02 00:27:20.485 [info] > git status -z -uall [24ms]
2023-05-02 00:27:25.614 [info] > git config --get commit.template [10ms]
2023-05-02 00:27:25.619 [info] > git for-each-ref --format=%(refname)%00%(upstream:short)%00%(objectname)%00%(upstream:track)%00%(upstream:remotename)%00%(upstream:remoteref) refs/heads/main refs/remotes/main [5ms]
2023-05-02 00:27:25.649 [info] > git status -z -uall [24ms]
2023-05-02 00:27:35.577 [info] > git config --get commit.template [53ms]
2023-05-02 00:27:35.581 [info] > git for-each-ref --format=%(refname)%00%(upstream:short)%00%(objectname)%00%(upstream:track)%00%(upstream:remotename)%00%(upstream:remoteref) refs/heads/main refs/remotes/main [5ms]
2023-05-02 00:27:35.618 [info] > git status -z -uall [29ms]
2023-05-02 00:28:20.509 [info] > git config --get commit.template [9ms]
2023-05-02 00:28:20.513 [info] > git for-each-ref --format=%(refname)%00%(upstream:short)%00%(objectname)%00%(upstream:track)%00%(upstream:remotename)%00%(upstream:remoteref) refs/heads/main refs/remotes/main [5ms]
2023-05-02 00:28:20.557 [info] > git status -z -uall [38ms]
2023-05-02 00:28:25.679 [info] > git config --get commit.template [11ms]
2023-05-02 00:28:25.682 [info] > git for-each-ref --format=%(refname)%00%(upstream:short)%00%(objectname)%00%(upstream:track)%00%(upstream:remotename)%00%(upstream:remoteref) refs/heads/main refs/remotes/main [4ms]
2023-05-02 00:28:25.715 [info] > git status -z -uall [27ms]
2023-05-02 00:28:33.945 [info] > git config --get commit.template [10ms]
2023-05-02 00:28:33.949 [info] > git for-each-ref --format=%(refname)%00%(upstream:short)%00%(objectname)%00%(upstream:track)%00%(upstream:remotename)%00%(upstream:remoteref) refs/heads/main refs/remotes/main [6ms]
2023-05-02 00:28:33.987 [info] > git status -z -uall [31ms]
2023-05-02 00:28:39.082 [info] > git config --get commit.template [11ms]
2023-05-02 00:28:39.086 [info] > git for-each-ref --format=%(refname)%00%(upstream:short)%00%(objectname)%00%(upstream:track)%00%(upstream:remotename)%00%(upstream:remoteref) refs/heads/main refs/remotes/main [4ms]
2023-05-02 00:28:39.123 [info] > git status -z -uall [28ms]
2023-05-02 00:28:44.237 [info] > git config --get commit.template [13ms]
2023-05-02 00:28:44.244 [info] > git for-each-ref --format=%(refname)%00%(upstream:short)%00%(objectname)%00%(upstream:track)%00%(upstream:remotename)%00%(upstream:remoteref) refs/heads/main refs/remotes/main [9ms]
2023-05-02 00:28:44.278 [info] > git status -z -uall [26ms]
2023-05-02 00:28:52.466 [info] > git config --get commit.template [12ms]
2023-05-02 00:28:52.469 [info] > git for-each-ref --format=%(refname)%00%(upstream:short)%00%(objectname)%00%(upstream:track)%00%(upstream:remotename)%00%(upstream:remoteref) refs/heads/main refs/remotes/main [4ms]
2023-05-02 00:28:52.504 [info] > git status -z -uall [27ms]
2023-05-02 00:29:00.606 [info] > git config --get commit.template [12ms]
2023-05-02 00:29:00.610 [info] > git for-each-ref --format=%(refname)%00%(upstream:short)%00%(objectname)%00%(upstream:track)%00%(upstream:remotename)%00%(upstream:remoteref) refs/heads/main refs/remotes/main [3ms]
2023-05-02 00:29:00.644 [info] > git status -z -uall [25ms]
2023-05-02 00:29:08.221 [info] > git config --get commit.template [11ms]
2023-05-02 00:29:08.225 [info] > git for-each-ref --format=%(refname)%00%(upstream:short)%00%(objectname)%00%(upstream:track)%00%(upstream:remotename)%00%(upstream:remoteref) refs/heads/main refs/remotes/main [4ms]
2023-05-02 00:29:08.259 [info] > git status -z -uall [24ms]
2023-05-02 00:29:20.617 [info] > git config --get commit.template [9ms]
2023-05-02 00:29:20.621 [info] > git for-each-ref --format=%(refname)%00%(upstream:short)%00%(objectname)%00%(upstream:track)%00%(upstream:remotename)%00%(upstream:remoteref) refs/heads/main refs/remotes/main [5ms]
2023-05-02 00:29:20.663 [info] > git status -z -uall [36ms]
2023-05-02 00:29:25.789 [info] > git config --get commit.template [11ms]
2023-05-02 00:29:25.793 [info] > git for-each-ref --format=%(refname)%00%(upstream:short)%00%(objectname)%00%(upstream:track)%00%(upstream:remotename)%00%(upstream:remoteref) refs/heads/main refs/remotes/main [5ms]
2023-05-02 00:29:25.825 [info] > git status -z -uall [25ms]
2023-05-02 00:29:35.678 [info] > git config --get commit.template [9ms]
2023-05-02 00:29:35.681 [info] > git for-each-ref --format=%(refname)%00%(upstream:short)%00%(objectname)%00%(upstream:track)%00%(upstream:remotename)%00%(upstream:remoteref) refs/heads/main refs/remotes/main [4ms]
2023-05-02 00:29:35.717 [info] > git status -z -uall [29ms]
2023-05-02 00:29:53.720 [info] > git config --get commit.template [24ms]
2023-05-02 00:29:53.723 [info] > git for-each-ref --format=%(refname)%00%(upstream:short)%00%(objectname)%00%(upstream:track)%00%(upstream:remotename)%00%(upstream:remoteref) refs/heads/main refs/remotes/main [4ms]
2023-05-02 00:29:53.786 [info] > git status -z -uall [48ms]
2023-05-02 00:29:58.953 [info] > git config --get commit.template [10ms]
2023-05-02 00:29:58.956 [info] > git for-each-ref --format=%(refname)%00%(upstream:short)%00%(objectname)%00%(upstream:track)%00%(upstream:remotename)%00%(upstream:remoteref) refs/heads/main refs/remotes/main [3ms]
2023-05-02 00:29:58.987 [info] > git status -z -uall [24ms]
2023-05-02 00:30:20.726 [info] > git config --get commit.template [9ms]
2023-05-02 00:30:20.729 [info] > git for-each-ref --format=%(refname)%00%(upstream:short)%00%(objectname)%00%(upstream:track)%00%(upstream:remotename)%00%(upstream:remoteref) refs/heads/main refs/remotes/main [4ms]
2023-05-02 00:30:20.762 [info] > git status -z -uall [27ms]
2023-05-02 00:30:25.894 [info] > git config --get commit.template [10ms]
2023-05-02 00:30:25.897 [info] > git for-each-ref --format=%(refname)%00%(upstream:short)%00%(objectname)%00%(upstream:track)%00%(upstream:remotename)%00%(upstream:remoteref) refs/heads/main refs/remotes/main [4ms]
2023-05-02 00:30:25.935 [info] > git status -z -uall [31ms]
2023-05-02 00:30:35.769 [info] > git config --get commit.template [11ms]
2023-05-02 00:30:35.773 [info] > git for-each-ref --format=%(refname)%00%(upstream:short)%00%(objectname)%00%(upstream:track)%00%(upstream:remotename)%00%(upstream:remoteref) refs/heads/main refs/remotes/main [6ms]
2023-05-02 00:30:35.806 [info] > git status -z -uall [26ms]
2023-05-02 00:31:21.088 [info] > git config --get commit.template [10ms]
2023-05-02 00:31:21.091 [info] > git for-each-ref --format=%(refname)%00%(upstream:short)%00%(objectname)%00%(upstream:track)%00%(upstream:remotename)%00%(upstream:remoteref) refs/heads/main refs/remotes/main [5ms]
2023-05-02 00:31:21.133 [info] > git status -z -uall [35ms]
2023-05-02 00:31:26.275 [info] > git config --get commit.template [10ms]
2023-05-02 00:31:26.278 [info] > git for-each-ref --format=%(refname)%00%(upstream:short)%00%(objectname)%00%(upstream:track)%00%(upstream:remotename)%00%(upstream:remoteref) refs/heads/main refs/remotes/main [4ms]
2023-05-02 00:31:26.309 [info] > git status -z -uall [24ms]
2023-05-02 00:31:32.555 [info] > git config --get commit.template [11ms]
2023-05-02 00:31:32.558 [info] > git for-each-ref --format=%(refname)%00%(upstream:short)%00%(objectname)%00%(upstream:track)%00%(upstream:remotename)%00%(upstream:remoteref) refs/heads/main refs/remotes/main [3ms]
2023-05-02 00:31:32.590 [info] > git status -z -uall [23ms]
2023-05-02 00:31:37.703 [info] > git config --get commit.template [12ms]
2023-05-02 00:31:37.705 [info] > git for-each-ref --format=%(refname)%00%(upstream:short)%00%(objectname)%00%(upstream:track)%00%(upstream:remotename)%00%(upstream:remoteref) refs/heads/main refs/remotes/main [3ms]
2023-05-02 00:31:37.737 [info] > git status -z -uall [23ms]
2023-05-02 00:32:20.880 [info] > git config --get commit.template [9ms]
2023-05-02 00:32:20.883 [info] > git for-each-ref --format=%(refname)%00%(upstream:short)%00%(objectname)%00%(upstream:track)%00%(upstream:remotename)%00%(upstream:remoteref) refs/heads/main refs/remotes/main [4ms]
2023-05-02 00:32:20.917 [info] > git status -z -uall [27ms]
2023-05-02 00:32:26.062 [info] > git config --get commit.template [9ms]
2023-05-02 00:32:26.065 [info] > git for-each-ref --format=%(refname)%00%(upstream:short)%00%(objectname)%00%(upstream:track)%00%(upstream:remotename)%00%(upstream:remoteref) refs/heads/main refs/remotes/main [3ms]
2023-05-02 00:32:26.102 [info] > git status -z -uall [30ms]
2023-05-02 00:32:35.948 [info] > git config --get commit.template [9ms]
2023-05-02 00:32:35.953 [info] > git for-each-ref --format=%(refname)%00%(upstream:short)%00%(objectname)%00%(upstream:track)%00%(upstream:remotename)%00%(upstream:remoteref) refs/heads/main refs/remotes/main [5ms]
2023-05-02 00:32:35.983 [info] > git status -z -uall [23ms]
2023-05-02 00:33:20.948 [info] > git config --get commit.template [9ms]
2023-05-02 00:33:20.951 [info] > git for-each-ref --format=%(refname)%00%(upstream:short)%00%(objectname)%00%(upstream:track)%00%(upstream:remotename)%00%(upstream:remoteref) refs/heads/main refs/remotes/main [3ms]
2023-05-02 00:33:20.986 [info] > git status -z -uall [28ms]
2023-05-02 00:33:26.106 [info] > git config --get commit.template [9ms]
2023-05-02 00:33:26.109 [info] > git for-each-ref --format=%(refname)%00%(upstream:short)%00%(objectname)%00%(upstream:track)%00%(upstream:remotename)%00%(upstream:remoteref) refs/heads/main refs/remotes/main [3ms]
2023-05-02 00:33:26.139 [info] > git status -z -uall [22ms]
2023-05-02 00:33:34.225 [info] > git config --get commit.template [12ms]
2023-05-02 00:33:34.229 [info] > git for-each-ref --format=%(refname)%00%(upstream:short)%00%(objectname)%00%(upstream:track)%00%(upstream:remotename)%00%(upstream:remoteref) refs/heads/main refs/remotes/main [5ms]
2023-05-02 00:33:34.258 [info] > git status -z -uall [23ms]
2023-05-02 00:33:39.388 [info] > git config --get commit.template [11ms]
2023-05-02 00:33:39.391 [info] > git for-each-ref --format=%(refname)%00%(upstream:short)%00%(objectname)%00%(upstream:track)%00%(upstream:remotename)%00%(upstream:remoteref) refs/heads/main refs/remotes/main [3ms]
2023-05-02 00:33:39.433 [info] > git status -z -uall [34ms]
2023-05-02 00:33:44.562 [info] > git config --get commit.template [13ms]
2023-05-02 00:33:44.565 [info] > git for-each-ref --format=%(refname)%00%(upstream:short)%00%(objectname)%00%(upstream:track)%00%(upstream:remotename)%00%(upstream:remoteref) refs/heads/main refs/remotes/main [4ms]
2023-05-02 00:33:44.597 [info] > git status -z -uall [23ms]
2023-05-02 00:33:49.694 [info] > git config --get commit.template [10ms]
2023-05-02 00:33:49.697 [info] > git for-each-ref --format=%(refname)%00%(upstream:short)%00%(objectname)%00%(upstream:track)%00%(upstream:remotename)%00%(upstream:remoteref) refs/heads/main refs/remotes/main [3ms]
2023-05-02 00:33:49.731 [info] > git status -z -uall [26ms]
2023-05-02 00:33:54.821 [info] > git config --get commit.template [11ms]
2023-05-02 00:33:54.827 [info] > git for-each-ref --format=%(refname)%00%(upstream:short)%00%(objectname)%00%(upstream:track)%00%(upstream:remotename)%00%(upstream:remoteref) refs/heads/main refs/remotes/main [7ms]
2023-05-02 00:33:54.865 [info] > git status -z -uall [26ms]
2023-05-02 00:34:08.344 [info] > git config --get commit.template [9ms]
2023-05-02 00:34:08.349 [info] > git for-each-ref --format=%(refname)%00%(upstream:short)%00%(objectname)%00%(upstream:track)%00%(upstream:remotename)%00%(upstream:remoteref) refs/heads/main refs/remotes/main [5ms]
2023-05-02 00:34:08.381 [info] > git status -z -uall [26ms]
2023-05-02 00:34:21.043 [info] > git config --get commit.template [11ms]
2023-05-02 00:34:21.046 [info] > git for-each-ref --format=%(refname)%00%(upstream:short)%00%(objectname)%00%(upstream:track)%00%(upstream:remotename)%00%(upstream:remoteref) refs/heads/main refs/remotes/main [3ms]
2023-05-02 00:34:21.082 [info] > git status -z -uall [29ms]
2023-05-02 00:34:26.198 [info] > git config --get commit.template [9ms]
2023-05-02 00:34:26.201 [info] > git for-each-ref --format=%(refname)%00%(upstream:short)%00%(objectname)%00%(upstream:track)%00%(upstream:remotename)%00%(upstream:remoteref) refs/heads/main refs/remotes/main [3ms]
2023-05-02 00:34:26.233 [info] > git status -z -uall [25ms]
2023-05-02 00:34:36.129 [info] > git config --get commit.template [11ms]
2023-05-02 00:34:36.133 [info] > git for-each-ref --format=%(refname)%00%(upstream:short)%00%(objectname)%00%(upstream:track)%00%(upstream:remotename)%00%(upstream:remoteref) refs/heads/main refs/remotes/main [5ms]
2023-05-02 00:34:36.176 [info] > git status -z -uall [34ms]
2023-05-02 00:35:21.125 [info] > git config --get commit.template [9ms]
2023-05-02 00:35:21.129 [info] > git for-each-ref --format=%(refname)%00%(upstream:short)%00%(objectname)%00%(upstream:track)%00%(upstream:remotename)%00%(upstream:remoteref) refs/heads/main refs/remotes/main [5ms]
2023-05-02 00:35:21.164 [info] > git status -z -uall [30ms]
2023-05-02 00:35:26.282 [info] > git config --get commit.template [10ms]
2023-05-02 00:35:26.285 [info] > git for-each-ref --format=%(refname)%00%(upstream:short)%00%(objectname)%00%(upstream:track)%00%(upstream:remotename)%00%(upstream:remoteref) refs/heads/main refs/remotes/main [4ms]
2023-05-02 00:35:26.317 [info] > git status -z -uall [26ms]
2023-05-02 00:35:36.220 [info] > git config --get commit.template [12ms]
2023-05-02 00:35:36.223 [info] > git for-each-ref --format=%(refname)%00%(upstream:short)%00%(objectname)%00%(upstream:track)%00%(upstream:remotename)%00%(upstream:remoteref) refs/heads/main refs/remotes/main [4ms]
2023-05-02 00:35:36.255 [info] > git status -z -uall [23ms]
2023-05-02 00:36:21.212 [info] > git config --get commit.template [9ms]
2023-05-02 00:36:21.215 [info] > git for-each-ref --format=%(refname)%00%(upstream:short)%00%(objectname)%00%(upstream:track)%00%(upstream:remotename)%00%(upstream:remoteref) refs/heads/main refs/remotes/main [4ms]
2023-05-02 00:36:21.254 [info] > git status -z -uall [33ms]
2023-05-02 00:36:26.373 [info] > git config --get commit.template [10ms]
2023-05-02 00:36:26.377 [info] > git for-each-ref --format=%(refname)%00%(upstream:short)%00%(objectname)%00%(upstream:track)%00%(upstream:remotename)%00%(upstream:remoteref) refs/heads/main refs/remotes/main [5ms]
2023-05-02 00:36:26.407 [info] > git status -z -uall [22ms]
2023-05-02 00:36:36.314 [info] > git config --get commit.template [23ms]
2023-05-02 00:36:36.326 [info] > git for-each-ref --format=%(refname)%00%(upstream:short)%00%(objectname)%00%(upstream:track)%00%(upstream:remotename)%00%(upstream:remoteref) refs/heads/main refs/remotes/main [12ms]
2023-05-02 00:36:36.391 [info] > git status -z -uall [24ms]
2023-05-02 00:37:21.300 [info] > git config --get commit.template [9ms]
2023-05-02 00:37:21.305 [info] > git for-each-ref --format=%(refname)%00%(upstream:short)%00%(objectname)%00%(upstream:track)%00%(upstream:remotename)%00%(upstream:remoteref) refs/heads/main refs/remotes/main [6ms]
2023-05-02 00:37:21.338 [info] > git status -z -uall [27ms]
2023-05-02 00:37:26.458 [info] > git config --get commit.template [9ms]
2023-05-02 00:37:26.461 [info] > git for-each-ref --format=%(refname)%00%(upstream:short)%00%(objectname)%00%(upstream:track)%00%(upstream:remotename)%00%(upstream:remoteref) refs/heads/main refs/remotes/main [3ms]
2023-05-02 00:37:26.492 [info] > git status -z -uall [24ms]
2023-05-02 00:37:36.372 [info] > git config --get commit.template [13ms]
2023-05-02 00:37:36.375 [info] > git for-each-ref --format=%(refname)%00%(upstream:short)%00%(objectname)%00%(upstream:track)%00%(upstream:remotename)%00%(upstream:remoteref) refs/heads/main refs/remotes/main [4ms]
2023-05-02 00:37:36.405 [info] > git status -z -uall [23ms]
2023-05-02 00:38:21.384 [info] > git config --get commit.template [9ms]
2023-05-02 00:38:21.387 [info] > git for-each-ref --format=%(refname)%00%(upstream:short)%00%(objectname)%00%(upstream:track)%00%(upstream:remotename)%00%(upstream:remoteref) refs/heads/main refs/remotes/main [3ms]
2023-05-02 00:38:21.421 [info] > git status -z -uall [28ms]
2023-05-02 00:38:26.549 [info] > git config --get commit.template [14ms]
2023-05-02 00:38:26.553 [info] > git for-each-ref --format=%(refname)%00%(upstream:short)%00%(objectname)%00%(upstream:track)%00%(upstream:remotename)%00%(upstream:remoteref) refs/heads/main refs/remotes/main [4ms]
2023-05-02 00:38:26.584 [info] > git status -z -uall [25ms]
2023-05-02 00:38:34.513 [info] > git config --get commit.template [12ms]
2023-05-02 00:38:34.517 [info] > git for-each-ref --format=%(refname)%00%(upstream:short)%00%(objectname)%00%(upstream:track)%00%(upstream:remotename)%00%(upstream:remoteref) refs/heads/main refs/remotes/main [5ms]
2023-05-02 00:38:34.548 [info] > git status -z -uall [23ms]
2023-05-02 00:38:39.644 [info] > git config --get commit.template [12ms]
2023-05-02 00:38:39.649 [info] > git for-each-ref --format=%(refname)%00%(upstream:short)%00%(objectname)%00%(upstream:track)%00%(upstream:remotename)%00%(upstream:remoteref) refs/heads/main refs/remotes/main [5ms]
2023-05-02 00:38:39.680 [info] > git status -z -uall [22ms]
2023-05-02 00:38:44.794 [info] > git config --get commit.template [13ms]
2023-05-02 00:38:44.797 [info] > git for-each-ref --format=%(refname)%00%(upstream:short)%00%(objectname)%00%(upstream:track)%00%(upstream:remotename)%00%(upstream:remoteref) refs/heads/main refs/remotes/main [4ms]
2023-05-02 00:38:44.830 [info] > git status -z -uall [25ms]
2023-05-02 00:38:52.441 [info] > git config --get commit.template [10ms]
2023-05-02 00:38:52.445 [info] > git for-each-ref --format=%(refname)%00%(upstream:short)%00%(objectname)%00%(upstream:track)%00%(upstream:remotename)%00%(upstream:remoteref) refs/heads/main refs/remotes/main [4ms]
2023-05-02 00:38:52.475 [info] > git status -z -uall [23ms]
2023-05-02 00:39:08.375 [info] > git config --get commit.template [9ms]
2023-05-02 00:39:08.377 [info] > git for-each-ref --format=%(refname)%00%(upstream:short)%00%(objectname)%00%(upstream:track)%00%(upstream:remotename)%00%(upstream:remoteref) refs/heads/main refs/remotes/main [4ms]
2023-05-02 00:39:08.413 [info] > git status -z -uall [30ms]
2023-05-02 00:39:21.459 [info] > git config --get commit.template [10ms]
2023-05-02 00:39:21.462 [info] > git for-each-ref --format=%(refname)%00%(upstream:short)%00%(objectname)%00%(upstream:track)%00%(upstream:remotename)%00%(upstream:remoteref) refs/heads/main refs/remotes/main [3ms]
2023-05-02 00:39:21.496 [info] > git status -z -uall [27ms]
2023-05-02 00:39:26.647 [info] > git config --get commit.template [12ms]
2023-05-02 00:39:26.650 [info] > git for-each-ref --format=%(refname)%00%(upstream:short)%00%(objectname)%00%(upstream:track)%00%(upstream:remotename)%00%(upstream:remoteref) refs/heads/main refs/remotes/main [4ms]
2023-05-02 00:39:26.682 [info] > git status -z -uall [25ms]
2023-05-02 00:39:36.537 [info] > git config --get commit.template [10ms]
2023-05-02 00:39:36.539 [info] > git for-each-ref --format=%(refname)%00%(upstream:short)%00%(objectname)%00%(upstream:track)%00%(upstream:remotename)%00%(upstream:remoteref) refs/heads/main refs/remotes/main [4ms]
2023-05-02 00:39:36.575 [info] > git status -z -uall [29ms]
2023-05-02 00:40:21.529 [info] > git config --get commit.template [9ms]
2023-05-02 00:40:21.533 [info] > git for-each-ref --format=%(refname)%00%(upstream:short)%00%(objectname)%00%(upstream:track)%00%(upstream:remotename)%00%(upstream:remoteref) refs/heads/main refs/remotes/main [5ms]
2023-05-02 00:40:21.567 [info] > git status -z -uall [28ms]
2023-05-02 00:40:26.754 [info] > git config --get commit.template [11ms]
2023-05-02 00:40:26.758 [info] > git for-each-ref --format=%(refname)%00%(upstream:short)%00%(objectname)%00%(upstream:track)%00%(upstream:remotename)%00%(upstream:remoteref) refs/heads/main refs/remotes/main [4ms]
2023-05-02 00:40:26.791 [info] > git status -z -uall [26ms]
2023-05-02 00:40:36.681 [info] > git config --get commit.template [37ms]
2023-05-02 00:40:36.690 [info] > git for-each-ref --format=%(refname)%00%(upstream:short)%00%(objectname)%00%(upstream:track)%00%(upstream:remotename)%00%(upstream:remoteref) refs/heads/main refs/remotes/main [10ms]
2023-05-02 00:40:36.768 [info] > git status -z -uall [59ms]
2023-05-02 00:41:08.113 [info] > git config --get commit.template [33ms]
2023-05-02 00:41:08.154 [info] > git for-each-ref --format=%(refname)%00%(upstream:short)%00%(objectname)%00%(upstream:track)%00%(upstream:remotename)%00%(upstream:remoteref) refs/heads/main refs/remotes/main [42ms]
2023-05-02 00:41:08.299 [info] > git status -z -uall [125ms]
2023-05-02 00:41:15.703 [info] > git config --get commit.template [22ms]
2023-05-02 00:41:15.711 [info] > git for-each-ref --format=%(refname)%00%(upstream:short)%00%(objectname)%00%(upstream:track)%00%(upstream:remotename)%00%(upstream:remoteref) refs/heads/main refs/remotes/main [9ms]
2023-05-02 00:41:15.752 [info] > git status -z -uall [30ms]
2023-05-02 00:41:20.889 [info] > git config --get commit.template [11ms]
2023-05-02 00:41:20.892 [info] > git for-each-ref --format=%(refname)%00%(upstream:short)%00%(objectname)%00%(upstream:track)%00%(upstream:remotename)%00%(upstream:remoteref) refs/heads/main refs/remotes/main [4ms]
2023-05-02 00:41:20.926 [info] > git status -z -uall [26ms]
2023-05-02 00:41:26.044 [info] > git config --get commit.template [12ms]
2023-05-02 00:41:26.046 [info] > git for-each-ref --format=%(refname)%00%(upstream:short)%00%(objectname)%00%(upstream:track)%00%(upstream:remotename)%00%(upstream:remoteref) refs/heads/main refs/remotes/main [3ms]
2023-05-02 00:41:26.080 [info] > git status -z -uall [25ms]
2023-05-02 00:41:31.165 [info] > git config --get commit.template [11ms]
2023-05-02 00:41:31.169 [info] > git for-each-ref --format=%(refname)%00%(upstream:short)%00%(objectname)%00%(upstream:track)%00%(upstream:remotename)%00%(upstream:remoteref) refs/heads/main refs/remotes/main [5ms]
2023-05-02 00:41:31.201 [info] > git status -z -uall [22ms]
2023-05-02 00:41:36.714 [info] > git config --get commit.template [13ms]
2023-05-02 00:41:36.719 [info] > git for-each-ref --format=%(refname)%00%(upstream:short)%00%(objectname)%00%(upstream:track)%00%(upstream:remotename)%00%(upstream:remoteref) refs/heads/main refs/remotes/main [7ms]
2023-05-02 00:41:36.773 [info] > git status -z -uall [45ms]
2023-05-02 00:41:47.926 [info] > git config --get commit.template [27ms]
2023-05-02 00:41:47.933 [info] > git for-each-ref --format=%(refname)%00%(upstream:short)%00%(objectname)%00%(upstream:track)%00%(upstream:remotename)%00%(upstream:remoteref) refs/heads/main refs/remotes/main [22ms]
2023-05-02 00:41:48.019 [info] > git status -z -uall [71ms]
2023-05-02 00:41:53.329 [info] > git config --get commit.template [23ms]
2023-05-02 00:41:53.340 [info] > git for-each-ref --format=%(refname)%00%(upstream:short)%00%(objectname)%00%(upstream:track)%00%(upstream:remotename)%00%(upstream:remoteref) refs/heads/main refs/remotes/main [12ms]
2023-05-02 00:41:53.399 [info] > git status -z -uall [34ms]
2023-05-02 00:42:30.706 [info] > git config --get commit.template [34ms]
2023-05-02 00:42:30.721 [info] > git for-each-ref --format=%(refname)%00%(upstream:short)%00%(objectname)%00%(upstream:track)%00%(upstream:remotename)%00%(upstream:remoteref) refs/heads/main refs/remotes/main [32ms]
2023-05-02 00:42:30.825 [info] > git status -z -uall [87ms]
2023-05-02 00:42:36.191 [info] > git config --get commit.template [10ms]
2023-05-02 00:42:36.194 [info] > git for-each-ref --format=%(refname)%00%(upstream:short)%00%(objectname)%00%(upstream:track)%00%(upstream:remotename)%00%(upstream:remoteref) refs/heads/main refs/remotes/main [3ms]
2023-05-02 00:42:36.226 [info] > git status -z -uall [25ms]
2023-05-02 00:42:41.364 [info] > git config --get commit.template [13ms]
2023-05-02 00:42:41.371 [info] > git for-each-ref --format=%(refname)%00%(upstream:short)%00%(objectname)%00%(upstream:track)%00%(upstream:remotename)%00%(upstream:remoteref) refs/heads/main refs/remotes/main [7ms]
2023-05-02 00:42:41.412 [info] > git status -z -uall [32ms]
2023-05-02 00:42:46.530 [info] > git config --get commit.template [12ms]
2023-05-02 00:42:46.533 [info] > git for-each-ref --format=%(refname)%00%(upstream:short)%00%(objectname)%00%(upstream:track)%00%(upstream:remotename)%00%(upstream:remoteref) refs/heads/main refs/remotes/main [3ms]
2023-05-02 00:42:46.567 [info] > git status -z -uall [26ms]
2023-05-02 00:43:07.928 [info] > git config --get commit.template [54ms]
2023-05-02 00:43:07.952 [info] > git for-each-ref --format=%(refname)%00%(upstream:short)%00%(objectname)%00%(upstream:track)%00%(upstream:remotename)%00%(upstream:remoteref) refs/heads/main refs/remotes/main [25ms]
2023-05-02 00:43:08.114 [info] > git status -z -uall [154ms]
2023-05-02 00:43:13.355 [info] > git config --get commit.template [12ms]
2023-05-02 00:43:13.358 [info] > git for-each-ref --format=%(refname)%00%(upstream:short)%00%(objectname)%00%(upstream:track)%00%(upstream:remotename)%00%(upstream:remoteref) refs/heads/main refs/remotes/main [4ms]
2023-05-02 00:43:13.393 [info] > git status -z -uall [28ms]
2023-05-02 00:43:18.535 [info] > git config --get commit.template [13ms]
2023-05-02 00:43:18.539 [info] > git for-each-ref --format=%(refname)%00%(upstream:short)%00%(objectname)%00%(upstream:track)%00%(upstream:remotename)%00%(upstream:remoteref) refs/heads/main refs/remotes/main [4ms]
2023-05-02 00:43:18.573 [info] > git status -z -uall [24ms]
2023-05-02 00:43:23.834 [info] > git config --get commit.template [65ms]
2023-05-02 00:43:23.862 [info] > git for-each-ref --format=%(refname)%00%(upstream:short)%00%(objectname)%00%(upstream:track)%00%(upstream:remotename)%00%(upstream:remoteref) refs/heads/main refs/remotes/main [29ms]
2023-05-02 00:43:23.955 [info] > git status -z -uall [79ms]
2023-05-02 00:43:29.079 [info] > git config --get commit.template [11ms]
2023-05-02 00:43:29.082 [info] > git for-each-ref --format=%(refname)%00%(upstream:short)%00%(objectname)%00%(upstream:track)%00%(upstream:remotename)%00%(upstream:remoteref) refs/heads/main refs/remotes/main [3ms]
2023-05-02 00:43:29.115 [info] > git status -z -uall [24ms]
2023-05-02 00:43:34.252 [info] > git config --get commit.template [22ms]
2023-05-02 00:43:34.268 [info] > git for-each-ref --format=%(refname)%00%(upstream:short)%00%(objectname)%00%(upstream:track)%00%(upstream:remotename)%00%(upstream:remoteref) refs/heads/main refs/remotes/main [29ms]
2023-05-02 00:43:34.417 [info] > git status -z -uall [138ms]
2023-05-02 00:43:39.626 [info] > git config --get commit.template [12ms]
2023-05-02 00:43:39.630 [info] > git for-each-ref --format=%(refname)%00%(upstream:short)%00%(objectname)%00%(upstream:track)%00%(upstream:remotename)%00%(upstream:remoteref) refs/heads/main refs/remotes/main [4ms]
2023-05-02 00:43:39.664 [info] > git status -z -uall [25ms]
2023-05-02 00:44:04.410 [info] > git config --get commit.template [63ms]
2023-05-02 00:44:04.427 [info] > git for-each-ref --format=%(refname)%00%(upstream:short)%00%(objectname)%00%(upstream:track)%00%(upstream:remotename)%00%(upstream:remoteref) refs/heads/main refs/remotes/main [31ms]
2023-05-02 00:44:04.657 [info] > git status -z -uall [215ms]
2023-05-02 00:44:10.023 [info] > git config --get commit.template [13ms]
2023-05-02 00:44:10.030 [info] > git for-each-ref --format=%(refname)%00%(upstream:short)%00%(objectname)%00%(upstream:track)%00%(upstream:remotename)%00%(upstream:remoteref) refs/heads/main refs/remotes/main [7ms]
2023-05-02 00:44:10.065 [info] > git status -z -uall [28ms]
2023-05-02 00:44:15.156 [info] > git config --get commit.template [9ms]
2023-05-02 00:44:15.160 [info] > git for-each-ref --format=%(refname)%00%(upstream:short)%00%(objectname)%00%(upstream:track)%00%(upstream:remotename)%00%(upstream:remoteref) refs/heads/main refs/remotes/main [4ms]
2023-05-02 00:44:15.193 [info] > git status -z -uall [26ms]
2023-05-02 00:44:20.283 [info] > git config --get commit.template [11ms]
2023-05-02 00:44:20.289 [info] > git for-each-ref --format=%(refname)%00%(upstream:short)%00%(objectname)%00%(upstream:track)%00%(upstream:remotename)%00%(upstream:remoteref) refs/heads/main refs/remotes/main [6ms]
2023-05-02 00:44:20.322 [info] > git status -z -uall [26ms]
2023-05-02 00:44:25.418 [info] > git config --get commit.template [11ms]
2023-05-02 00:44:25.421 [info] > git for-each-ref --format=%(refname)%00%(upstream:short)%00%(objectname)%00%(upstream:track)%00%(upstream:remotename)%00%(upstream:remoteref) refs/heads/main refs/remotes/main [4ms]
2023-05-02 00:44:25.453 [info] > git status -z -uall [23ms]
2023-05-02 00:44:30.602 [info] > git config --get commit.template [23ms]
2023-05-02 00:44:30.605 [info] > git for-each-ref --format=%(refname)%00%(upstream:short)%00%(objectname)%00%(upstream:track)%00%(upstream:remotename)%00%(upstream:remoteref) refs/heads/main refs/remotes/main [6ms]
2023-05-02 00:44:30.664 [info] > git status -z -uall [43ms]
2023-05-02 00:44:37.174 [info] > git config --get commit.template [12ms]
2023-05-02 00:44:37.177 [info] > git for-each-ref --format=%(refname)%00%(upstream:short)%00%(objectname)%00%(upstream:track)%00%(upstream:remotename)%00%(upstream:remoteref) refs/heads/main refs/remotes/main [6ms]
2023-05-02 00:44:37.211 [info] > git status -z -uall [24ms]
2023-05-02 00:44:41.595 [info] > git ls-files --stage -- /home/sagar/SAGARGit/index.html [3ms]
2023-05-02 00:44:41.613 [info] > git show --textconv :SAGARGit/index.html [4ms]
2023-05-02 00:44:42.335 [info] > git config --get commit.template [12ms]
2023-05-02 00:44:42.339 [info] > git for-each-ref --format=%(refname)%00%(upstream:short)%00%(objectname)%00%(upstream:track)%00%(upstream:remotename)%00%(upstream:remoteref) refs/heads/main refs/remotes/main [4ms]
2023-05-02 00:44:42.373 [info] > git status -z -uall [25ms]
2023-05-02 00:45:17.098 [info] > git config --get commit.template [12ms]
2023-05-02 00:45:17.101 [info] > git for-each-ref --format=%(refname)%00%(upstream:short)%00%(objectname)%00%(upstream:track)%00%(upstream:remotename)%00%(upstream:remoteref) refs/heads/main refs/remotes/main [6ms]
2023-05-02 00:45:17.144 [info] > git status -z -uall [36ms]
2023-05-02 00:45:22.308 [info] > git config --get commit.template [29ms]
2023-05-02 00:45:22.345 [info] > git for-each-ref --format=%(refname)%00%(upstream:short)%00%(objectname)%00%(upstream:track)%00%(upstream:remotename)%00%(upstream:remoteref) refs/heads/main refs/remotes/main [38ms]
2023-05-02 00:45:22.514 [info] > git status -z -uall [103ms]
2023-05-02 00:45:27.770 [info] > git config --get commit.template [24ms]
2023-05-02 00:45:27.803 [info] > git for-each-ref --format=%(refname)%00%(upstream:short)%00%(objectname)%00%(upstream:track)%00%(upstream:remotename)%00%(upstream:remoteref) refs/heads/main refs/remotes/main [47ms]
2023-05-02 00:45:27.873 [info] > git status -z -uall [41ms]
2023-05-02 00:45:33.491 [info] > git ls-files --stage -- /home/sagar/SAGARGit/index.html [3ms]
2023-05-02 00:45:33.592 [info] > git show --textconv :SAGARGit/index.html [22ms]
2023-05-02 00:45:33.726 [info] > git config --get commit.template [12ms]
2023-05-02 00:45:33.729 [info] > git for-each-ref --format=%(refname)%00%(upstream:short)%00%(objectname)%00%(upstream:track)%00%(upstream:remotename)%00%(upstream:remoteref) refs/heads/main refs/remotes/main [6ms]
2023-05-02 00:45:33.801 [info] > git status -z -uall [61ms]
2023-05-02 00:45:39.215 [info] > git config --get commit.template [11ms]
2023-05-02 00:45:39.219 [info] > git for-each-ref --format=%(refname)%00%(upstream:short)%00%(objectname)%00%(upstream:track)%00%(upstream:remotename)%00%(upstream:remoteref) refs/heads/main refs/remotes/main [4ms]
2023-05-02 00:45:39.258 [info] > git status -z -uall [29ms]
2023-05-02 00:46:09.421 [info] > git config --get commit.template [20ms]
2023-05-02 00:46:09.422 [info] > git for-each-ref --format=%(refname)%00%(upstream:short)%00%(objectname)%00%(upstream:track)%00%(upstream:remotename)%00%(upstream:remoteref) refs/heads/main refs/remotes/main [13ms]
2023-05-02 00:46:09.518 [info] > git status -z -uall [87ms]
2023-05-02 00:46:14.757 [info] > git config --get commit.template [9ms]
2023-05-02 00:46:14.761 [info] > git for-each-ref --format=%(refname)%00%(upstream:short)%00%(objectname)%00%(upstream:track)%00%(upstream:remotename)%00%(upstream:remoteref) refs/heads/main refs/remotes/main [5ms]
2023-05-02 00:46:14.793 [info] > git status -z -uall [25ms]
2023-05-02 00:46:19.963 [info] > git config --get commit.template [17ms]
2023-05-02 00:46:19.968 [info] > git for-each-ref --format=%(refname)%00%(upstream:short)%00%(objectname)%00%(upstream:track)%00%(upstream:remotename)%00%(upstream:remoteref) refs/heads/main refs/remotes/main [4ms]
2023-05-02 00:46:20.015 [info] > git status -z -uall [32ms]
2023-05-02 00:46:25.145 [info] > git config --get commit.template [13ms]
2023-05-02 00:46:25.152 [info] > git for-each-ref --format=%(refname)%00%(upstream:short)%00%(objectname)%00%(upstream:track)%00%(upstream:remotename)%00%(upstream:remoteref) refs/heads/main refs/remotes/main [8ms]
2023-05-02 00:46:25.194 [info] > git status -z -uall [32ms]
2023-05-02 00:46:30.340 [info] > git config --get commit.template [10ms]
2023-05-02 00:46:30.343 [info] > git for-each-ref --format=%(refname)%00%(upstream:short)%00%(objectname)%00%(upstream:track)%00%(upstream:remotename)%00%(upstream:remoteref) refs/heads/main refs/remotes/main [3ms]
2023-05-02 00:46:30.375 [info] > git status -z -uall [23ms]
2023-05-02 00:46:38.222 [info] > git config --get commit.template [13ms]
2023-05-02 00:46:38.225 [info] > git for-each-ref --format=%(refname)%00%(upstream:short)%00%(objectname)%00%(upstream:track)%00%(upstream:remotename)%00%(upstream:remoteref) refs/heads/main refs/remotes/main [4ms]
2023-05-02 00:46:38.258 [info] > git status -z -uall [24ms]
