2023-05-01 22:55:30.566 [info] Reading sessions from keychain...
2023-05-01 22:55:30.566 [info] Getting sessions for all scopes...
2023-05-01 22:55:30.566 [info] Getting sessions for user:email...
2023-05-01 22:55:30.566 [info] Got 0 sessions for ...
2023-05-01 22:55:30.566 [info] Got 0 sessions for user:email...
2023-05-01 22:55:30.566 [info] Getting sessions for all scopes...
2023-05-01 22:55:30.566 [info] Got 0 sessions for ...
2023-05-01 22:55:30.902 [info] Getting sessions for all scopes...
2023-05-01 22:55:30.902 [info] Got 0 sessions for ...
2023-05-02 00:10:36.158 [info] Getting sessions for read:user,repo,user:email,workflow...
2023-05-02 00:10:36.159 [info] Got 0 sessions for read:user,repo,user:email,workflow...
2023-05-02 00:10:54.192 [info] Logging in for the following scopes: read:user repo user:email workflow
2023-05-02 00:10:54.219 [info] Trying without local server... (read:user repo user:email workflow)
2023-05-02 00:13:45.124 [info] Exchanging code for token...
2023-05-02 00:13:48.315 [info] Token exchange success!
2023-05-02 00:13:48.326 [info] Getting user info...
2023-05-02 00:13:49.294 [info] Got account info!
2023-05-02 00:13:49.301 [info] Storing 1 sessions...
2023-05-02 00:13:49.409 [info] Reading sessions from keychain...
2023-05-02 00:13:49.409 [info] Stored 1 sessions!
2023-05-02 00:13:49.409 [info] Login success!
2023-05-02 00:13:49.413 [info] Getting sessions for user:email...
2023-05-02 00:13:49.434 [info] Got stored sessions!
2023-05-02 00:13:49.434 [info] Got 1 verified sessions.
2023-05-02 00:13:49.434 [info] Got 0 sessions for user:email...
2023-05-02 00:13:50.382 [info] Getting user info...
2023-05-02 00:13:52.823 [info] Got account info!
2023-05-02 00:43:05.906 [info] Getting sessions for read:user,repo,user:email,workflow...
2023-05-02 00:43:05.907 [info] Got 1 sessions for read:user,repo,user:email,workflow...
2023-05-02 00:43:35.864 [info] Getting sessions for read:user,repo,user:email,workflow...
2023-05-02 00:43:35.864 [info] Got 1 sessions for read:user,repo,user:email,workflow...
2023-05-02 00:44:39.813 [info] Getting sessions for read:user,repo,user:email,workflow...
2023-05-02 00:44:39.813 [info] Got 1 sessions for read:user,repo,user:email,workflow...
2023-05-02 00:45:31.661 [info] Getting sessions for read:user,repo,user:email,workflow...
2023-05-02 00:45:31.661 [info] Got 1 sessions for read:user,repo,user:email,workflow...
